2021-01-28 10:10:56.672 [INFO ] [main] com.halcyon.file_manage.Application - Starting Application on DEEP-2019PSSVHS with PID 10092 (D:\hr21_work\halycon-file-manger-api\target\classes started by Administrator in D:\hr21_work\halycon-file-manger-api)
2021-01-28 10:10:56.675 [INFO ] [main] com.halcyon.file_manage.Application - The following profiles are active: dev
2021-01-28 10:10:56.713 [INFO ] [main] o.s.b.c.e.AnnotationConfigEmbeddedWebApplicationContext - Refreshing org.springframework.boot.context.embedded.AnnotationConfigEmbeddedWebApplicationContext@4313f5bc: startup date [Thu Jan 28 10:10:56 EST 2021]; root of context hierarchy
2021-01-28 10:10:57.538 [WARN ] [main] o.s.c.annotation.ConfigurationClassPostProcessor - Cannot enhance @Configuration bean definition 'mybatisConfigurer' since its singleton instance has been created too early. The typical cause is a non-static @Bean method with a BeanDefinitionRegistryPostProcessor return type: Consider declaring such methods as 'static'.
2021-01-28 10:10:57.809 [INFO ] [main] o.s.c.s.PostProcessorRegistrationDelegate$BeanPostProcessorChecker - Bean 'org.springframework.transaction.annotation.ProxyTransactionManagementConfiguration' of type [org.springframework.transaction.annotation.ProxyTransactionManagementConfiguration$$EnhancerBySpringCGLIB$$bdd34bb7] is not eligible for getting processed by all BeanPostProcessors (for example: not eligible for auto-proxying)
2021-01-28 10:10:58.231 [INFO ] [main] o.s.b.c.e.tomcat.TomcatEmbeddedServletContainer - Tomcat initialized with port(s): 8080 (http)
2021-01-28 10:10:58.251 [INFO ] [main] org.apache.catalina.core.StandardService - Starting service [Tomcat]
2021-01-28 10:10:58.252 [INFO ] [main] org.apache.catalina.core.StandardEngine - Starting Servlet Engine: Apache Tomcat/8.5.31
2021-01-28 10:10:58.336 [INFO ] [localhost-startStop-1] o.a.c.core.ContainerBase.[Tomcat].[localhost].[/] - Initializing Spring embedded WebApplicationContext
2021-01-28 10:10:58.336 [INFO ] [localhost-startStop-1] org.springframework.web.context.ContextLoader - Root WebApplicationContext: initialization completed in 1623 ms
2021-01-28 10:10:58.498 [INFO ] [localhost-startStop-1] o.s.boot.web.servlet.ServletRegistrationBean - Mapping servlet: 'dispatcherServlet' to [/]
2021-01-28 10:10:58.500 [INFO ] [localhost-startStop-1] o.s.boot.web.servlet.ServletRegistrationBean - Mapping servlet: 'statViewServlet' to [/druid/*]
2021-01-28 10:10:58.502 [INFO ] [localhost-startStop-1] o.s.boot.web.servlet.FilterRegistrationBean - Mapping filter: 'characterEncodingFilter' to: [/*]
2021-01-28 10:10:58.502 [INFO ] [localhost-startStop-1] o.s.boot.web.servlet.FilterRegistrationBean - Mapping filter: 'hiddenHttpMethodFilter' to: [/*]
2021-01-28 10:10:58.502 [INFO ] [localhost-startStop-1] o.s.boot.web.servlet.FilterRegistrationBean - Mapping filter: 'httpPutFormContentFilter' to: [/*]
2021-01-28 10:10:58.503 [INFO ] [localhost-startStop-1] o.s.boot.web.servlet.FilterRegistrationBean - Mapping filter: 'requestContextFilter' to: [/*]
2021-01-28 10:10:58.503 [INFO ] [localhost-startStop-1] o.s.boot.web.servlet.FilterRegistrationBean - Mapping filter: 'webStatFilter' to urls: [/*]
2021-01-28 10:10:58.553 [INFO ] [main] c.a.d.s.b.a.DruidDataSourceAutoConfigure - Init DruidDataSource
2021-01-28 10:10:58.934 [INFO ] [main] com.alibaba.druid.pool.DruidDataSource - {dataSource-1} inited
2021-01-28 10:10:59.821 [INFO ] [main] o.s.w.s.m.m.a.RequestMappingHandlerMapping - Mapped "{[/api/material/list],methods=[POST]}" onto public com.halcyon.file_manage.core.Result com.halcyon.file_manage.web.MaterialController.list(java.lang.Integer,java.lang.Integer,java.lang.String)
2021-01-28 10:10:59.823 [INFO ] [main] o.s.w.s.m.m.a.RequestMappingHandlerMapping - Mapped "{[/api/shelf/update],methods=[POST]}" onto public com.halcyon.file_manage.core.Result com.halcyon.file_manage.web.ShelfController.update(com.halcyon.file_manage.model.Shelf)
2021-01-28 10:10:59.823 [INFO ] [main] o.s.w.s.m.m.a.RequestMappingHandlerMapping - Mapped "{[/api/shelf/list],methods=[POST]}" onto public com.halcyon.file_manage.core.Result com.halcyon.file_manage.web.ShelfController.list(java.lang.Integer,java.lang.Integer,java.lang.String)
2021-01-28 10:10:59.824 [INFO ] [main] o.s.w.s.m.m.a.RequestMappingHandlerMapping - Mapped "{[/api/storage/list],methods=[POST]}" onto public com.halcyon.file_manage.core.Result com.halcyon.file_manage.web.StorageController.list(java.lang.String)
2021-01-28 10:10:59.825 [INFO ] [main] o.s.w.s.m.m.a.RequestMappingHandlerMapping - Mapped "{[/storagedetail/update],methods=[POST]}" onto public com.halcyon.file_manage.core.Result com.halcyon.file_manage.web.StoragedetailController.update(com.halcyon.file_manage.model.Storagedetail)
2021-01-28 10:10:59.825 [INFO ] [main] o.s.w.s.m.m.a.RequestMappingHandlerMapping - Mapped "{[/storagedetail/list],methods=[POST]}" onto public com.halcyon.file_manage.core.Result com.halcyon.file_manage.web.StoragedetailController.list(java.lang.Integer,java.lang.Integer)
2021-01-28 10:10:59.826 [INFO ] [main] o.s.w.s.m.m.a.RequestMappingHandlerMapping - Mapped "{[/v2/api-docs],methods=[GET],produces=[application/json || application/hal+json]}" onto public org.springframework.http.ResponseEntity<springfox.documentation.spring.web.json.Json> springfox.documentation.swagger2.web.Swagger2Controller.getDocumentation(java.lang.String,javax.servlet.http.HttpServletRequest)
2021-01-28 10:10:59.829 [INFO ] [main] o.s.w.s.m.m.a.RequestMappingHandlerMapping - Mapped "{[/swagger-resources/configuration/ui]}" onto org.springframework.http.ResponseEntity<springfox.documentation.swagger.web.UiConfiguration> springfox.documentation.swagger.web.ApiResourceController.uiConfiguration()
2021-01-28 10:10:59.829 [INFO ] [main] o.s.w.s.m.m.a.RequestMappingHandlerMapping - Mapped "{[/swagger-resources]}" onto org.springframework.http.ResponseEntity<java.util.List<springfox.documentation.swagger.web.SwaggerResource>> springfox.documentation.swagger.web.ApiResourceController.swaggerResources()
2021-01-28 10:10:59.830 [INFO ] [main] o.s.w.s.m.m.a.RequestMappingHandlerMapping - Mapped "{[/swagger-resources/configuration/security]}" onto org.springframework.http.ResponseEntity<springfox.documentation.swagger.web.SecurityConfiguration> springfox.documentation.swagger.web.ApiResourceController.securityConfiguration()
2021-01-28 10:10:59.832 [INFO ] [main] o.s.w.s.m.m.a.RequestMappingHandlerMapping - Mapped "{[/error]}" onto public org.springframework.http.ResponseEntity<java.util.Map<java.lang.String, java.lang.Object>> org.springframework.boot.autoconfigure.web.BasicErrorController.error(javax.servlet.http.HttpServletRequest)
2021-01-28 10:10:59.832 [INFO ] [main] o.s.w.s.m.m.a.RequestMappingHandlerMapping - Mapped "{[/error],produces=[text/html]}" onto public org.springframework.web.servlet.ModelAndView org.springframework.boot.autoconfigure.web.BasicErrorController.errorHtml(javax.servlet.http.HttpServletRequest,javax.servlet.http.HttpServletResponse)
2021-01-28 10:11:00.097 [INFO ] [main] o.s.w.s.m.m.a.RequestMappingHandlerAdapter - Looking for @ControllerAdvice: org.springframework.boot.context.embedded.AnnotationConfigEmbeddedWebApplicationContext@4313f5bc: startup date [Thu Jan 28 10:10:56 EST 2021]; root of context hierarchy
2021-01-28 10:11:00.139 [INFO ] [main] o.s.web.servlet.handler.SimpleUrlHandlerMapping - Mapped URL path [/swagger-ui.html] onto handler of type [class org.springframework.web.servlet.resource.ResourceHttpRequestHandler]
2021-01-28 10:11:00.139 [INFO ] [main] o.s.web.servlet.handler.SimpleUrlHandlerMapping - Mapped URL path [/webjars/**] onto handler of type [class org.springframework.web.servlet.resource.ResourceHttpRequestHandler]
2021-01-28 10:11:00.139 [INFO ] [main] o.s.web.servlet.handler.SimpleUrlHandlerMapping - Mapped URL path [/**] onto handler of type [class org.springframework.web.servlet.resource.ResourceHttpRequestHandler]
2021-01-28 10:11:00.159 [INFO ] [main] o.s.web.servlet.handler.SimpleUrlHandlerMapping - Mapped URL path [/**/favicon.ico] onto handler of type [class org.springframework.web.servlet.resource.ResourceHttpRequestHandler]
2021-01-28 10:11:00.175 [INFO ] [main] o.s.b.a.w.WebMvcAutoConfiguration$WelcomePageHandlerMapping - Adding welcome page: class path resource [static/index.html]
2021-01-28 10:11:00.382 [INFO ] [main] o.s.jmx.export.annotation.AnnotationMBeanExporter - Registering beans for JMX exposure on startup
2021-01-28 10:11:00.384 [INFO ] [main] o.s.jmx.export.annotation.AnnotationMBeanExporter - Bean with name 'statFilter' has been autodetected for JMX exposure
2021-01-28 10:11:00.384 [INFO ] [main] o.s.jmx.export.annotation.AnnotationMBeanExporter - Bean with name 'dataSource' has been autodetected for JMX exposure
2021-01-28 10:11:00.387 [INFO ] [main] o.s.jmx.export.annotation.AnnotationMBeanExporter - Located MBean 'dataSource': registering with JMX server as MBean [com.alibaba.druid.spring.boot.autoconfigure:name=dataSource,type=DruidDataSourceWrapper]
2021-01-28 10:11:00.388 [INFO ] [main] o.s.jmx.export.annotation.AnnotationMBeanExporter - Located MBean 'statFilter': registering with JMX server as MBean [com.alibaba.druid.filter.stat:name=statFilter,type=StatFilter]
2021-01-28 10:11:00.391 [INFO ] [main] o.s.context.support.DefaultLifecycleProcessor - Starting beans in phase 2147483647
2021-01-28 10:11:00.391 [INFO ] [main] s.d.s.web.plugins.DocumentationPluginsBootstrapper - Context refreshed
2021-01-28 10:11:00.408 [INFO ] [main] s.d.s.web.plugins.DocumentationPluginsBootstrapper - Found 1 custom documentation plugin(s)
2021-01-28 10:11:00.418 [INFO ] [main] s.d.spring.web.scanners.ApiListingReferenceScanner - Scanning for api listing references
2021-01-28 10:11:00.572 [INFO ] [main] s.d.s.w.r.operation.CachingOperationNameGenerator - Generating unique operation named: listUsingPOST_1
2021-01-28 10:11:00.587 [INFO ] [main] s.d.s.w.r.operation.CachingOperationNameGenerator - Generating unique operation named: listUsingPOST_2
2021-01-28 10:11:00.593 [INFO ] [main] s.d.s.w.r.operation.CachingOperationNameGenerator - Generating unique operation named: listUsingPOST_3
2021-01-28 10:11:00.597 [INFO ] [main] s.d.s.w.r.operation.CachingOperationNameGenerator - Generating unique operation named: updateUsingPOST_1
2021-01-28 10:11:00.614 [INFO ] [main] o.s.s.a.ScheduledAnnotationBeanPostProcessor - No TaskScheduler/ScheduledExecutorService bean found for scheduled processing
2021-01-28 10:11:00.651 [INFO ] [main] o.s.b.c.e.tomcat.TomcatEmbeddedServletContainer - Tomcat started on port(s): 8080 (http)
2021-01-28 10:11:00.656 [INFO ] [main] com.halcyon.file_manage.Application - Started Application in 4.287 seconds (JVM running for 4.545)
2021-01-28 10:13:06.451 [INFO ] [main] com.halcyon.file_manage.Application - Starting Application on DEEP-2019PSSVHS with PID 9576 (D:\hr21_work\halycon-file-manger-api\target\classes started by Administrator in D:\hr21_work\halycon-file-manger-api)
2021-01-28 10:13:06.454 [INFO ] [main] com.halcyon.file_manage.Application - The following profiles are active: dev
2021-01-28 10:13:06.491 [INFO ] [main] o.s.b.c.e.AnnotationConfigEmbeddedWebApplicationContext - Refreshing org.springframework.boot.context.embedded.AnnotationConfigEmbeddedWebApplicationContext@4313f5bc: startup date [Thu Jan 28 10:13:06 EST 2021]; root of context hierarchy
2021-01-28 10:13:07.237 [WARN ] [main] o.s.c.annotation.ConfigurationClassPostProcessor - Cannot enhance @Configuration bean definition 'mybatisConfigurer' since its singleton instance has been created too early. The typical cause is a non-static @Bean method with a BeanDefinitionRegistryPostProcessor return type: Consider declaring such methods as 'static'.
2021-01-28 10:13:07.472 [INFO ] [main] o.s.c.s.PostProcessorRegistrationDelegate$BeanPostProcessorChecker - Bean 'org.springframework.transaction.annotation.ProxyTransactionManagementConfiguration' of type [org.springframework.transaction.annotation.ProxyTransactionManagementConfiguration$$EnhancerBySpringCGLIB$$bdd34bb7] is not eligible for getting processed by all BeanPostProcessors (for example: not eligible for auto-proxying)
2021-01-28 10:13:07.895 [INFO ] [main] o.s.b.c.e.tomcat.TomcatEmbeddedServletContainer - Tomcat initialized with port(s): 8080 (http)
2021-01-28 10:13:07.916 [INFO ] [main] org.apache.catalina.core.StandardService - Starting service [Tomcat]
2021-01-28 10:13:07.917 [INFO ] [main] org.apache.catalina.core.StandardEngine - Starting Servlet Engine: Apache Tomcat/8.5.31
2021-01-28 10:13:08.002 [INFO ] [localhost-startStop-1] o.a.c.core.ContainerBase.[Tomcat].[localhost].[/] - Initializing Spring embedded WebApplicationContext
2021-01-28 10:13:08.002 [INFO ] [localhost-startStop-1] org.springframework.web.context.ContextLoader - Root WebApplicationContext: initialization completed in 1511 ms
2021-01-28 10:13:08.178 [INFO ] [localhost-startStop-1] o.s.boot.web.servlet.ServletRegistrationBean - Mapping servlet: 'dispatcherServlet' to [/]
2021-01-28 10:13:08.180 [INFO ] [localhost-startStop-1] o.s.boot.web.servlet.ServletRegistrationBean - Mapping servlet: 'statViewServlet' to [/druid/*]
2021-01-28 10:13:08.183 [INFO ] [localhost-startStop-1] o.s.boot.web.servlet.FilterRegistrationBean - Mapping filter: 'characterEncodingFilter' to: [/*]
2021-01-28 10:13:08.184 [INFO ] [localhost-startStop-1] o.s.boot.web.servlet.FilterRegistrationBean - Mapping filter: 'hiddenHttpMethodFilter' to: [/*]
2021-01-28 10:13:08.184 [INFO ] [localhost-startStop-1] o.s.boot.web.servlet.FilterRegistrationBean - Mapping filter: 'httpPutFormContentFilter' to: [/*]
2021-01-28 10:13:08.184 [INFO ] [localhost-startStop-1] o.s.boot.web.servlet.FilterRegistrationBean - Mapping filter: 'requestContextFilter' to: [/*]
2021-01-28 10:13:08.187 [INFO ] [localhost-startStop-1] o.s.boot.web.servlet.FilterRegistrationBean - Mapping filter: 'webStatFilter' to urls: [/*]
2021-01-28 10:13:08.249 [INFO ] [main] c.a.d.s.b.a.DruidDataSourceAutoConfigure - Init DruidDataSource
2021-01-28 10:13:08.800 [INFO ] [main] com.alibaba.druid.pool.DruidDataSource - {dataSource-1} inited
2021-01-28 10:13:09.650 [INFO ] [main] o.s.w.s.m.m.a.RequestMappingHandlerMapping - Mapped "{[/api/material/list],methods=[POST]}" onto public com.halcyon.file_manage.core.Result com.halcyon.file_manage.web.MaterialController.list(java.lang.Integer,java.lang.Integer,java.lang.String)
2021-01-28 10:13:09.652 [INFO ] [main] o.s.w.s.m.m.a.RequestMappingHandlerMapping - Mapped "{[/api/shelf/update],methods=[POST]}" onto public com.halcyon.file_manage.core.Result com.halcyon.file_manage.web.ShelfController.update(com.halcyon.file_manage.model.Shelf)
2021-01-28 10:13:09.652 [INFO ] [main] o.s.w.s.m.m.a.RequestMappingHandlerMapping - Mapped "{[/api/shelf/list],methods=[POST]}" onto public com.halcyon.file_manage.core.Result com.halcyon.file_manage.web.ShelfController.list(java.lang.Integer,java.lang.Integer,java.lang.String)
2021-01-28 10:13:09.653 [INFO ] [main] o.s.w.s.m.m.a.RequestMappingHandlerMapping - Mapped "{[/api/storage/list],methods=[POST]}" onto public com.halcyon.file_manage.core.Result com.halcyon.file_manage.web.StorageController.list(java.lang.String)
2021-01-28 10:13:09.654 [INFO ] [main] o.s.w.s.m.m.a.RequestMappingHandlerMapping - Mapped "{[/storagedetail/update],methods=[POST]}" onto public com.halcyon.file_manage.core.Result com.halcyon.file_manage.web.StoragedetailController.update(com.halcyon.file_manage.model.Storagedetail)
2021-01-28 10:13:09.654 [INFO ] [main] o.s.w.s.m.m.a.RequestMappingHandlerMapping - Mapped "{[/storagedetail/list],methods=[POST]}" onto public com.halcyon.file_manage.core.Result com.halcyon.file_manage.web.StoragedetailController.list(java.lang.Integer,java.lang.Integer)
2021-01-28 10:13:09.654 [INFO ] [main] o.s.w.s.m.m.a.RequestMappingHandlerMapping - Mapped "{[/v2/api-docs],methods=[GET],produces=[application/json || application/hal+json]}" onto public org.springframework.http.ResponseEntity<springfox.documentation.spring.web.json.Json> springfox.documentation.swagger2.web.Swagger2Controller.getDocumentation(java.lang.String,javax.servlet.http.HttpServletRequest)
2021-01-28 10:13:09.658 [INFO ] [main] o.s.w.s.m.m.a.RequestMappingHandlerMapping - Mapped "{[/swagger-resources/configuration/ui]}" onto org.springframework.http.ResponseEntity<springfox.documentation.swagger.web.UiConfiguration> springfox.documentation.swagger.web.ApiResourceController.uiConfiguration()
2021-01-28 10:13:09.658 [INFO ] [main] o.s.w.s.m.m.a.RequestMappingHandlerMapping - Mapped "{[/swagger-resources]}" onto org.springframework.http.ResponseEntity<java.util.List<springfox.documentation.swagger.web.SwaggerResource>> springfox.documentation.swagger.web.ApiResourceController.swaggerResources()
2021-01-28 10:13:09.659 [INFO ] [main] o.s.w.s.m.m.a.RequestMappingHandlerMapping - Mapped "{[/swagger-resources/configuration/security]}" onto org.springframework.http.ResponseEntity<springfox.documentation.swagger.web.SecurityConfiguration> springfox.documentation.swagger.web.ApiResourceController.securityConfiguration()
2021-01-28 10:13:09.662 [INFO ] [main] o.s.w.s.m.m.a.RequestMappingHandlerMapping - Mapped "{[/error]}" onto public org.springframework.http.ResponseEntity<java.util.Map<java.lang.String, java.lang.Object>> org.springframework.boot.autoconfigure.web.BasicErrorController.error(javax.servlet.http.HttpServletRequest)
2021-01-28 10:13:09.662 [INFO ] [main] o.s.w.s.m.m.a.RequestMappingHandlerMapping - Mapped "{[/error],produces=[text/html]}" onto public org.springframework.web.servlet.ModelAndView org.springframework.boot.autoconfigure.web.BasicErrorController.errorHtml(javax.servlet.http.HttpServletRequest,javax.servlet.http.HttpServletResponse)
2021-01-28 10:13:09.941 [INFO ] [main] o.s.w.s.m.m.a.RequestMappingHandlerAdapter - Looking for @ControllerAdvice: org.springframework.boot.context.embedded.AnnotationConfigEmbeddedWebApplicationContext@4313f5bc: startup date [Thu Jan 28 10:13:06 EST 2021]; root of context hierarchy
2021-01-28 10:13:09.986 [INFO ] [main] o.s.web.servlet.handler.SimpleUrlHandlerMapping - Mapped URL path [/swagger-ui.html] onto handler of type [class org.springframework.web.servlet.resource.ResourceHttpRequestHandler]
2021-01-28 10:13:09.986 [INFO ] [main] o.s.web.servlet.handler.SimpleUrlHandlerMapping - Mapped URL path [/webjars/**] onto handler of type [class org.springframework.web.servlet.resource.ResourceHttpRequestHandler]
2021-01-28 10:13:09.986 [INFO ] [main] o.s.web.servlet.handler.SimpleUrlHandlerMapping - Mapped URL path [/**] onto handler of type [class org.springframework.web.servlet.resource.ResourceHttpRequestHandler]
2021-01-28 10:13:10.009 [INFO ] [main] o.s.web.servlet.handler.SimpleUrlHandlerMapping - Mapped URL path [/**/favicon.ico] onto handler of type [class org.springframework.web.servlet.resource.ResourceHttpRequestHandler]
2021-01-28 10:13:10.027 [INFO ] [main] o.s.b.a.w.WebMvcAutoConfiguration$WelcomePageHandlerMapping - Adding welcome page: class path resource [static/index.html]
2021-01-28 10:13:10.197 [INFO ] [main] o.s.jmx.export.annotation.AnnotationMBeanExporter - Registering beans for JMX exposure on startup
2021-01-28 10:13:10.198 [INFO ] [main] o.s.jmx.export.annotation.AnnotationMBeanExporter - Bean with name 'statFilter' has been autodetected for JMX exposure
2021-01-28 10:13:10.198 [INFO ] [main] o.s.jmx.export.annotation.AnnotationMBeanExporter - Bean with name 'dataSource' has been autodetected for JMX exposure
2021-01-28 10:13:10.202 [INFO ] [main] o.s.jmx.export.annotation.AnnotationMBeanExporter - Located MBean 'dataSource': registering with JMX server as MBean [com.alibaba.druid.spring.boot.autoconfigure:name=dataSource,type=DruidDataSourceWrapper]
2021-01-28 10:13:10.203 [INFO ] [main] o.s.jmx.export.annotation.AnnotationMBeanExporter - Located MBean 'statFilter': registering with JMX server as MBean [com.alibaba.druid.filter.stat:name=statFilter,type=StatFilter]
2021-01-28 10:13:10.205 [INFO ] [main] o.s.context.support.DefaultLifecycleProcessor - Starting beans in phase 2147483647
2021-01-28 10:13:10.205 [INFO ] [main] s.d.s.web.plugins.DocumentationPluginsBootstrapper - Context refreshed
2021-01-28 10:13:10.221 [INFO ] [main] s.d.s.web.plugins.DocumentationPluginsBootstrapper - Found 1 custom documentation plugin(s)
2021-01-28 10:13:10.230 [INFO ] [main] s.d.spring.web.scanners.ApiListingReferenceScanner - Scanning for api listing references
2021-01-28 10:13:10.393 [INFO ] [main] s.d.s.w.r.operation.CachingOperationNameGenerator - Generating unique operation named: listUsingPOST_1
2021-01-28 10:13:10.403 [INFO ] [main] s.d.s.w.r.operation.CachingOperationNameGenerator - Generating unique operation named: listUsingPOST_2
2021-01-28 10:13:10.406 [INFO ] [main] s.d.s.w.r.operation.CachingOperationNameGenerator - Generating unique operation named: listUsingPOST_3
2021-01-28 10:13:10.408 [INFO ] [main] s.d.s.w.r.operation.CachingOperationNameGenerator - Generating unique operation named: updateUsingPOST_1
2021-01-28 10:13:10.424 [INFO ] [main] o.s.s.a.ScheduledAnnotationBeanPostProcessor - No TaskScheduler/ScheduledExecutorService bean found for scheduled processing
2021-01-28 10:13:10.457 [INFO ] [main] o.s.b.c.e.tomcat.TomcatEmbeddedServletContainer - Tomcat started on port(s): 8080 (http)
2021-01-28 10:13:10.463 [INFO ] [main] com.halcyon.file_manage.Application - Started Application in 4.31 seconds (JVM running for 4.569)
2021-01-28 10:15:04.742 [INFO ] [main] com.halcyon.file_manage.Application - Starting Application on DEEP-2019PSSVHS with PID 4964 (D:\hr21_work\halycon-file-manger-api\target\classes started by Administrator in D:\hr21_work\halycon-file-manger-api)
2021-01-28 10:15:04.745 [INFO ] [main] com.halcyon.file_manage.Application - The following profiles are active: dev
2021-01-28 10:15:04.782 [INFO ] [main] o.s.b.c.e.AnnotationConfigEmbeddedWebApplicationContext - Refreshing org.springframework.boot.context.embedded.AnnotationConfigEmbeddedWebApplicationContext@4313f5bc: startup date [Thu Jan 28 10:15:04 EST 2021]; root of context hierarchy
2021-01-28 10:15:05.521 [WARN ] [main] o.s.c.annotation.ConfigurationClassPostProcessor - Cannot enhance @Configuration bean definition 'mybatisConfigurer' since its singleton instance has been created too early. The typical cause is a non-static @Bean method with a BeanDefinitionRegistryPostProcessor return type: Consider declaring such methods as 'static'.
2021-01-28 10:15:05.737 [INFO ] [main] o.s.c.s.PostProcessorRegistrationDelegate$BeanPostProcessorChecker - Bean 'org.springframework.transaction.annotation.ProxyTransactionManagementConfiguration' of type [org.springframework.transaction.annotation.ProxyTransactionManagementConfiguration$$EnhancerBySpringCGLIB$$cc94182d] is not eligible for getting processed by all BeanPostProcessors (for example: not eligible for auto-proxying)
2021-01-28 10:15:06.150 [INFO ] [main] o.s.b.c.e.tomcat.TomcatEmbeddedServletContainer - Tomcat initialized with port(s): 8080 (http)
2021-01-28 10:15:06.171 [INFO ] [main] org.apache.catalina.core.StandardService - Starting service [Tomcat]
2021-01-28 10:15:06.172 [INFO ] [main] org.apache.catalina.core.StandardEngine - Starting Servlet Engine: Apache Tomcat/8.5.31
2021-01-28 10:15:06.259 [INFO ] [localhost-startStop-1] o.a.c.core.ContainerBase.[Tomcat].[localhost].[/] - Initializing Spring embedded WebApplicationContext
2021-01-28 10:15:06.259 [INFO ] [localhost-startStop-1] org.springframework.web.context.ContextLoader - Root WebApplicationContext: initialization completed in 1477 ms
2021-01-28 10:15:06.414 [INFO ] [localhost-startStop-1] o.s.boot.web.servlet.ServletRegistrationBean - Mapping servlet: 'dispatcherServlet' to [/]
2021-01-28 10:15:06.415 [INFO ] [localhost-startStop-1] o.s.boot.web.servlet.ServletRegistrationBean - Mapping servlet: 'statViewServlet' to [/druid/*]
2021-01-28 10:15:06.417 [INFO ] [localhost-startStop-1] o.s.boot.web.servlet.FilterRegistrationBean - Mapping filter: 'characterEncodingFilter' to: [/*]
2021-01-28 10:15:06.418 [INFO ] [localhost-startStop-1] o.s.boot.web.servlet.FilterRegistrationBean - Mapping filter: 'hiddenHttpMethodFilter' to: [/*]
2021-01-28 10:15:06.418 [INFO ] [localhost-startStop-1] o.s.boot.web.servlet.FilterRegistrationBean - Mapping filter: 'httpPutFormContentFilter' to: [/*]
2021-01-28 10:15:06.418 [INFO ] [localhost-startStop-1] o.s.boot.web.servlet.FilterRegistrationBean - Mapping filter: 'requestContextFilter' to: [/*]
2021-01-28 10:15:06.418 [INFO ] [localhost-startStop-1] o.s.boot.web.servlet.FilterRegistrationBean - Mapping filter: 'webStatFilter' to urls: [/*]
2021-01-28 10:15:06.468 [INFO ] [main] c.a.d.s.b.a.DruidDataSourceAutoConfigure - Init DruidDataSource
2021-01-28 10:15:06.956 [INFO ] [main] com.alibaba.druid.pool.DruidDataSource - {dataSource-1} inited
2021-01-28 10:15:07.935 [INFO ] [main] c.halcyon.file_manage.annotations.StartAllJobInit - spring boot started.
2021-01-28 10:15:08.383 [INFO ] [main] o.s.w.s.m.m.a.RequestMappingHandlerMapping - Mapped "{[/api/material/list],methods=[POST]}" onto public com.halcyon.file_manage.core.Result com.halcyon.file_manage.web.MaterialController.list(java.lang.Integer,java.lang.Integer,java.lang.String)
2021-01-28 10:15:08.384 [INFO ] [main] o.s.w.s.m.m.a.RequestMappingHandlerMapping - Mapped "{[/api/shelf/update],methods=[POST]}" onto public com.halcyon.file_manage.core.Result com.halcyon.file_manage.web.ShelfController.update(com.halcyon.file_manage.model.Shelf)
2021-01-28 10:15:08.385 [INFO ] [main] o.s.w.s.m.m.a.RequestMappingHandlerMapping - Mapped "{[/api/shelf/list],methods=[POST]}" onto public com.halcyon.file_manage.core.Result com.halcyon.file_manage.web.ShelfController.list(java.lang.Integer,java.lang.Integer,java.lang.String)
2021-01-28 10:15:08.385 [INFO ] [main] o.s.w.s.m.m.a.RequestMappingHandlerMapping - Mapped "{[/api/storage/list],methods=[POST]}" onto public com.halcyon.file_manage.core.Result com.halcyon.file_manage.web.StorageController.list(java.lang.String)
2021-01-28 10:15:08.386 [INFO ] [main] o.s.w.s.m.m.a.RequestMappingHandlerMapping - Mapped "{[/storagedetail/update],methods=[POST]}" onto public com.halcyon.file_manage.core.Result com.halcyon.file_manage.web.StoragedetailController.update(com.halcyon.file_manage.model.Storagedetail)
2021-01-28 10:15:08.386 [INFO ] [main] o.s.w.s.m.m.a.RequestMappingHandlerMapping - Mapped "{[/storagedetail/list],methods=[POST]}" onto public com.halcyon.file_manage.core.Result com.halcyon.file_manage.web.StoragedetailController.list(java.lang.Integer,java.lang.Integer)
2021-01-28 10:15:08.387 [INFO ] [main] o.s.w.s.m.m.a.RequestMappingHandlerMapping - Mapped "{[/v2/api-docs],methods=[GET],produces=[application/json || application/hal+json]}" onto public org.springframework.http.ResponseEntity<springfox.documentation.spring.web.json.Json> springfox.documentation.swagger2.web.Swagger2Controller.getDocumentation(java.lang.String,javax.servlet.http.HttpServletRequest)
2021-01-28 10:15:08.390 [INFO ] [main] o.s.w.s.m.m.a.RequestMappingHandlerMapping - Mapped "{[/swagger-resources/configuration/ui]}" onto org.springframework.http.ResponseEntity<springfox.documentation.swagger.web.UiConfiguration> springfox.documentation.swagger.web.ApiResourceController.uiConfiguration()
2021-01-28 10:15:08.390 [INFO ] [main] o.s.w.s.m.m.a.RequestMappingHandlerMapping - Mapped "{[/swagger-resources]}" onto org.springframework.http.ResponseEntity<java.util.List<springfox.documentation.swagger.web.SwaggerResource>> springfox.documentation.swagger.web.ApiResourceController.swaggerResources()
2021-01-28 10:15:08.391 [INFO ] [main] o.s.w.s.m.m.a.RequestMappingHandlerMapping - Mapped "{[/swagger-resources/configuration/security]}" onto org.springframework.http.ResponseEntity<springfox.documentation.swagger.web.SecurityConfiguration> springfox.documentation.swagger.web.ApiResourceController.securityConfiguration()
2021-01-28 10:15:08.393 [INFO ] [main] o.s.w.s.m.m.a.RequestMappingHandlerMapping - Mapped "{[/error]}" onto public org.springframework.http.ResponseEntity<java.util.Map<java.lang.String, java.lang.Object>> org.springframework.boot.autoconfigure.web.BasicErrorController.error(javax.servlet.http.HttpServletRequest)
2021-01-28 10:15:08.394 [INFO ] [main] o.s.w.s.m.m.a.RequestMappingHandlerMapping - Mapped "{[/error],produces=[text/html]}" onto public org.springframework.web.servlet.ModelAndView org.springframework.boot.autoconfigure.web.BasicErrorController.errorHtml(javax.servlet.http.HttpServletRequest,javax.servlet.http.HttpServletResponse)
2021-01-28 10:15:08.651 [INFO ] [main] o.s.w.s.m.m.a.RequestMappingHandlerAdapter - Looking for @ControllerAdvice: org.springframework.boot.context.embedded.AnnotationConfigEmbeddedWebApplicationContext@4313f5bc: startup date [Thu Jan 28 10:15:04 EST 2021]; root of context hierarchy
2021-01-28 10:15:08.690 [INFO ] [main] o.s.web.servlet.handler.SimpleUrlHandlerMapping - Mapped URL path [/swagger-ui.html] onto handler of type [class org.springframework.web.servlet.resource.ResourceHttpRequestHandler]
2021-01-28 10:15:08.690 [INFO ] [main] o.s.web.servlet.handler.SimpleUrlHandlerMapping - Mapped URL path [/webjars/**] onto handler of type [class org.springframework.web.servlet.resource.ResourceHttpRequestHandler]
2021-01-28 10:15:08.690 [INFO ] [main] o.s.web.servlet.handler.SimpleUrlHandlerMapping - Mapped URL path [/**] onto handler of type [class org.springframework.web.servlet.resource.ResourceHttpRequestHandler]
2021-01-28 10:15:08.711 [INFO ] [main] o.s.web.servlet.handler.SimpleUrlHandlerMapping - Mapped URL path [/**/favicon.ico] onto handler of type [class org.springframework.web.servlet.resource.ResourceHttpRequestHandler]
2021-01-28 10:15:08.728 [INFO ] [main] o.s.b.a.w.WebMvcAutoConfiguration$WelcomePageHandlerMapping - Adding welcome page: class path resource [static/index.html]
2021-01-28 10:15:08.910 [INFO ] [main] o.s.jmx.export.annotation.AnnotationMBeanExporter - Registering beans for JMX exposure on startup
2021-01-28 10:15:08.911 [INFO ] [main] o.s.jmx.export.annotation.AnnotationMBeanExporter - Bean with name 'statFilter' has been autodetected for JMX exposure
2021-01-28 10:15:08.911 [INFO ] [main] o.s.jmx.export.annotation.AnnotationMBeanExporter - Bean with name 'dataSource' has been autodetected for JMX exposure
2021-01-28 10:15:08.915 [INFO ] [main] o.s.jmx.export.annotation.AnnotationMBeanExporter - Located MBean 'dataSource': registering with JMX server as MBean [com.alibaba.druid.spring.boot.autoconfigure:name=dataSource,type=DruidDataSourceWrapper]
2021-01-28 10:15:08.916 [INFO ] [main] o.s.jmx.export.annotation.AnnotationMBeanExporter - Located MBean 'statFilter': registering with JMX server as MBean [com.alibaba.druid.filter.stat:name=statFilter,type=StatFilter]
2021-01-28 10:15:08.918 [INFO ] [main] o.s.context.support.DefaultLifecycleProcessor - Starting beans in phase 2147483647
2021-01-28 10:15:08.918 [INFO ] [main] s.d.s.web.plugins.DocumentationPluginsBootstrapper - Context refreshed
2021-01-28 10:15:08.935 [INFO ] [main] s.d.s.web.plugins.DocumentationPluginsBootstrapper - Found 1 custom documentation plugin(s)
2021-01-28 10:15:08.944 [INFO ] [main] s.d.spring.web.scanners.ApiListingReferenceScanner - Scanning for api listing references
2021-01-28 10:15:09.098 [INFO ] [main] s.d.s.w.r.operation.CachingOperationNameGenerator - Generating unique operation named: listUsingPOST_1
2021-01-28 10:15:09.108 [INFO ] [main] s.d.s.w.r.operation.CachingOperationNameGenerator - Generating unique operation named: listUsingPOST_2
2021-01-28 10:15:09.111 [INFO ] [main] s.d.s.w.r.operation.CachingOperationNameGenerator - Generating unique operation named: listUsingPOST_3
2021-01-28 10:15:09.113 [INFO ] [main] s.d.s.w.r.operation.CachingOperationNameGenerator - Generating unique operation named: updateUsingPOST_1
2021-01-28 10:15:09.128 [INFO ] [main] o.s.s.a.ScheduledAnnotationBeanPostProcessor - No TaskScheduler/ScheduledExecutorService bean found for scheduled processing
2021-01-28 10:15:09.138 [WARN ] [pool-1-thread-1] c.halcyon.file_manage.annotations.StartAllJobInit - startJob-REFRSH DB.
2021-01-28 10:15:09.157 [INFO ] [main] o.s.b.c.e.tomcat.TomcatEmbeddedServletContainer - Tomcat started on port(s): 8080 (http)
2021-01-28 10:15:09.165 [INFO ] [main] com.halcyon.file_manage.Application - Started Application in 4.725 seconds (JVM running for 4.984)
2021-01-28 10:16:09.133 [WARN ] [pool-1-thread-1] c.halcyon.file_manage.annotations.StartAllJobInit - startJob-REFRSH DB.
2021-01-28 10:17:56.223 [INFO ] [main] com.halcyon.file_manage.Application - Starting Application on DEEP-2019PSSVHS with PID 10188 (D:\hr21_work\halycon-file-manger-api\target\classes started by Administrator in D:\hr21_work\halycon-file-manger-api)
2021-01-28 10:17:56.226 [INFO ] [main] com.halcyon.file_manage.Application - The following profiles are active: dev
2021-01-28 10:17:56.263 [INFO ] [main] o.s.b.c.e.AnnotationConfigEmbeddedWebApplicationContext - Refreshing org.springframework.boot.context.embedded.AnnotationConfigEmbeddedWebApplicationContext@4313f5bc: startup date [Thu Jan 28 10:17:56 EST 2021]; root of context hierarchy
2021-01-28 10:17:57.003 [WARN ] [main] o.s.c.annotation.ConfigurationClassPostProcessor - Cannot enhance @Configuration bean definition 'mybatisConfigurer' since its singleton instance has been created too early. The typical cause is a non-static @Bean method with a BeanDefinitionRegistryPostProcessor return type: Consider declaring such methods as 'static'.
2021-01-28 10:17:57.228 [INFO ] [main] o.s.c.s.PostProcessorRegistrationDelegate$BeanPostProcessorChecker - Bean 'org.springframework.transaction.annotation.ProxyTransactionManagementConfiguration' of type [org.springframework.transaction.annotation.ProxyTransactionManagementConfiguration$$EnhancerBySpringCGLIB$$c9a78659] is not eligible for getting processed by all BeanPostProcessors (for example: not eligible for auto-proxying)
2021-01-28 10:17:57.658 [INFO ] [main] o.s.b.c.e.tomcat.TomcatEmbeddedServletContainer - Tomcat initialized with port(s): 8080 (http)
2021-01-28 10:17:57.679 [INFO ] [main] org.apache.catalina.core.StandardService - Starting service [Tomcat]
2021-01-28 10:17:57.680 [INFO ] [main] org.apache.catalina.core.StandardEngine - Starting Servlet Engine: Apache Tomcat/8.5.31
2021-01-28 10:17:57.765 [INFO ] [localhost-startStop-1] o.a.c.core.ContainerBase.[Tomcat].[localhost].[/] - Initializing Spring embedded WebApplicationContext
2021-01-28 10:17:57.766 [INFO ] [localhost-startStop-1] org.springframework.web.context.ContextLoader - Root WebApplicationContext: initialization completed in 1503 ms
2021-01-28 10:17:57.931 [INFO ] [localhost-startStop-1] o.s.boot.web.servlet.ServletRegistrationBean - Mapping servlet: 'dispatcherServlet' to [/]
2021-01-28 10:17:57.933 [INFO ] [localhost-startStop-1] o.s.boot.web.servlet.ServletRegistrationBean - Mapping servlet: 'statViewServlet' to [/druid/*]
2021-01-28 10:17:57.936 [INFO ] [localhost-startStop-1] o.s.boot.web.servlet.FilterRegistrationBean - Mapping filter: 'characterEncodingFilter' to: [/*]
2021-01-28 10:17:57.936 [INFO ] [localhost-startStop-1] o.s.boot.web.servlet.FilterRegistrationBean - Mapping filter: 'hiddenHttpMethodFilter' to: [/*]
2021-01-28 10:17:57.936 [INFO ] [localhost-startStop-1] o.s.boot.web.servlet.FilterRegistrationBean - Mapping filter: 'httpPutFormContentFilter' to: [/*]
2021-01-28 10:17:57.937 [INFO ] [localhost-startStop-1] o.s.boot.web.servlet.FilterRegistrationBean - Mapping filter: 'requestContextFilter' to: [/*]
2021-01-28 10:17:57.937 [INFO ] [localhost-startStop-1] o.s.boot.web.servlet.FilterRegistrationBean - Mapping filter: 'webStatFilter' to urls: [/*]
2021-01-28 10:17:57.988 [INFO ] [main] c.a.d.s.b.a.DruidDataSourceAutoConfigure - Init DruidDataSource
2021-01-28 10:17:58.384 [INFO ] [main] com.alibaba.druid.pool.DruidDataSource - {dataSource-1} inited
2021-01-28 10:17:58.812 [INFO ] [main] c.halcyon.file_manage.annotations.StartAllJobInit - spring boot started.
2021-01-28 10:17:59.199 [INFO ] [main] o.s.w.s.m.m.a.RequestMappingHandlerMapping - Mapped "{[/api/material/list],methods=[POST]}" onto public com.halcyon.file_manage.core.Result com.halcyon.file_manage.web.MaterialController.list(java.lang.Integer,java.lang.Integer,java.lang.String)
2021-01-28 10:17:59.201 [INFO ] [main] o.s.w.s.m.m.a.RequestMappingHandlerMapping - Mapped "{[/api/shelf/update],methods=[POST]}" onto public com.halcyon.file_manage.core.Result com.halcyon.file_manage.web.ShelfController.update(com.halcyon.file_manage.model.Shelf)
2021-01-28 10:17:59.201 [INFO ] [main] o.s.w.s.m.m.a.RequestMappingHandlerMapping - Mapped "{[/api/shelf/list],methods=[POST]}" onto public com.halcyon.file_manage.core.Result com.halcyon.file_manage.web.ShelfController.list(java.lang.Integer,java.lang.Integer,java.lang.String)
2021-01-28 10:17:59.202 [INFO ] [main] o.s.w.s.m.m.a.RequestMappingHandlerMapping - Mapped "{[/api/storage/list],methods=[POST]}" onto public com.halcyon.file_manage.core.Result com.halcyon.file_manage.web.StorageController.list(java.lang.String)
2021-01-28 10:17:59.203 [INFO ] [main] o.s.w.s.m.m.a.RequestMappingHandlerMapping - Mapped "{[/storagedetail/update],methods=[POST]}" onto public com.halcyon.file_manage.core.Result com.halcyon.file_manage.web.StoragedetailController.update(com.halcyon.file_manage.model.Storagedetail)
2021-01-28 10:17:59.203 [INFO ] [main] o.s.w.s.m.m.a.RequestMappingHandlerMapping - Mapped "{[/storagedetail/list],methods=[POST]}" onto public com.halcyon.file_manage.core.Result com.halcyon.file_manage.web.StoragedetailController.list(java.lang.Integer,java.lang.Integer)
2021-01-28 10:17:59.204 [INFO ] [main] o.s.w.s.m.m.a.RequestMappingHandlerMapping - Mapped "{[/v2/api-docs],methods=[GET],produces=[application/json || application/hal+json]}" onto public org.springframework.http.ResponseEntity<springfox.documentation.spring.web.json.Json> springfox.documentation.swagger2.web.Swagger2Controller.getDocumentation(java.lang.String,javax.servlet.http.HttpServletRequest)
2021-01-28 10:17:59.207 [INFO ] [main] o.s.w.s.m.m.a.RequestMappingHandlerMapping - Mapped "{[/swagger-resources/configuration/ui]}" onto org.springframework.http.ResponseEntity<springfox.documentation.swagger.web.UiConfiguration> springfox.documentation.swagger.web.ApiResourceController.uiConfiguration()
2021-01-28 10:17:59.208 [INFO ] [main] o.s.w.s.m.m.a.RequestMappingHandlerMapping - Mapped "{[/swagger-resources]}" onto org.springframework.http.ResponseEntity<java.util.List<springfox.documentation.swagger.web.SwaggerResource>> springfox.documentation.swagger.web.ApiResourceController.swaggerResources()
2021-01-28 10:17:59.209 [INFO ] [main] o.s.w.s.m.m.a.RequestMappingHandlerMapping - Mapped "{[/swagger-resources/configuration/security]}" onto org.springframework.http.ResponseEntity<springfox.documentation.swagger.web.SecurityConfiguration> springfox.documentation.swagger.web.ApiResourceController.securityConfiguration()
2021-01-28 10:17:59.211 [INFO ] [main] o.s.w.s.m.m.a.RequestMappingHandlerMapping - Mapped "{[/error]}" onto public org.springframework.http.ResponseEntity<java.util.Map<java.lang.String, java.lang.Object>> org.springframework.boot.autoconfigure.web.BasicErrorController.error(javax.servlet.http.HttpServletRequest)
2021-01-28 10:17:59.212 [INFO ] [main] o.s.w.s.m.m.a.RequestMappingHandlerMapping - Mapped "{[/error],produces=[text/html]}" onto public org.springframework.web.servlet.ModelAndView org.springframework.boot.autoconfigure.web.BasicErrorController.errorHtml(javax.servlet.http.HttpServletRequest,javax.servlet.http.HttpServletResponse)
2021-01-28 10:17:59.487 [INFO ] [main] o.s.w.s.m.m.a.RequestMappingHandlerAdapter - Looking for @ControllerAdvice: org.springframework.boot.context.embedded.AnnotationConfigEmbeddedWebApplicationContext@4313f5bc: startup date [Thu Jan 28 10:17:56 EST 2021]; root of context hierarchy
2021-01-28 10:17:59.530 [INFO ] [main] o.s.web.servlet.handler.SimpleUrlHandlerMapping - Mapped URL path [/swagger-ui.html] onto handler of type [class org.springframework.web.servlet.resource.ResourceHttpRequestHandler]
2021-01-28 10:17:59.530 [INFO ] [main] o.s.web.servlet.handler.SimpleUrlHandlerMapping - Mapped URL path [/webjars/**] onto handler of type [class org.springframework.web.servlet.resource.ResourceHttpRequestHandler]
2021-01-28 10:17:59.530 [INFO ] [main] o.s.web.servlet.handler.SimpleUrlHandlerMapping - Mapped URL path [/**] onto handler of type [class org.springframework.web.servlet.resource.ResourceHttpRequestHandler]
2021-01-28 10:17:59.554 [INFO ] [main] o.s.web.servlet.handler.SimpleUrlHandlerMapping - Mapped URL path [/**/favicon.ico] onto handler of type [class org.springframework.web.servlet.resource.ResourceHttpRequestHandler]
2021-01-28 10:17:59.571 [INFO ] [main] o.s.b.a.w.WebMvcAutoConfiguration$WelcomePageHandlerMapping - Adding welcome page: class path resource [static/index.html]
2021-01-28 10:17:59.753 [INFO ] [main] o.s.jmx.export.annotation.AnnotationMBeanExporter - Registering beans for JMX exposure on startup
2021-01-28 10:17:59.754 [INFO ] [main] o.s.jmx.export.annotation.AnnotationMBeanExporter - Bean with name 'statFilter' has been autodetected for JMX exposure
2021-01-28 10:17:59.755 [INFO ] [main] o.s.jmx.export.annotation.AnnotationMBeanExporter - Bean with name 'dataSource' has been autodetected for JMX exposure
2021-01-28 10:17:59.758 [INFO ] [main] o.s.jmx.export.annotation.AnnotationMBeanExporter - Located MBean 'dataSource': registering with JMX server as MBean [com.alibaba.druid.spring.boot.autoconfigure:name=dataSource,type=DruidDataSourceWrapper]
2021-01-28 10:17:59.759 [INFO ] [main] o.s.jmx.export.annotation.AnnotationMBeanExporter - Located MBean 'statFilter': registering with JMX server as MBean [com.alibaba.druid.filter.stat:name=statFilter,type=StatFilter]
2021-01-28 10:17:59.762 [INFO ] [main] o.s.context.support.DefaultLifecycleProcessor - Starting beans in phase 2147483647
2021-01-28 10:17:59.762 [INFO ] [main] s.d.s.web.plugins.DocumentationPluginsBootstrapper - Context refreshed
2021-01-28 10:17:59.778 [INFO ] [main] s.d.s.web.plugins.DocumentationPluginsBootstrapper - Found 1 custom documentation plugin(s)
2021-01-28 10:17:59.789 [INFO ] [main] s.d.spring.web.scanners.ApiListingReferenceScanner - Scanning for api listing references
2021-01-28 10:17:59.947 [INFO ] [main] s.d.s.w.r.operation.CachingOperationNameGenerator - Generating unique operation named: listUsingPOST_1
2021-01-28 10:17:59.957 [INFO ] [main] s.d.s.w.r.operation.CachingOperationNameGenerator - Generating unique operation named: listUsingPOST_2
2021-01-28 10:17:59.961 [INFO ] [main] s.d.s.w.r.operation.CachingOperationNameGenerator - Generating unique operation named: listUsingPOST_3
2021-01-28 10:17:59.966 [INFO ] [main] s.d.s.w.r.operation.CachingOperationNameGenerator - Generating unique operation named: updateUsingPOST_1
2021-01-28 10:17:59.981 [INFO ] [main] o.s.s.a.ScheduledAnnotationBeanPostProcessor - No TaskScheduler/ScheduledExecutorService bean found for scheduled processing
2021-01-28 10:17:59.986 [WARN ] [pool-1-thread-1] com.halcyon.file_manage.task.TimedTasks - taskJob-REFRSH DB.
2021-01-28 10:17:59.986 [WARN ] [pool-1-thread-1] c.halcyon.file_manage.annotations.StartAllJobInit - startJob-REFRSH DB.
2021-01-28 10:18:00.008 [INFO ] [main] o.s.b.c.e.tomcat.TomcatEmbeddedServletContainer - Tomcat started on port(s): 8080 (http)
2021-01-28 10:18:00.014 [INFO ] [main] com.halcyon.file_manage.Application - Started Application in 4.094 seconds (JVM running for 4.361)
2021-01-28 10:18:59.219 [INFO ] [http-nio-8080-exec-1] o.a.c.core.ContainerBase.[Tomcat].[localhost].[/] - Initializing Spring FrameworkServlet 'dispatcherServlet'
2021-01-28 10:18:59.219 [INFO ] [http-nio-8080-exec-1] org.springframework.web.servlet.DispatcherServlet - FrameworkServlet 'dispatcherServlet': initialization started
2021-01-28 10:18:59.236 [INFO ] [http-nio-8080-exec-1] org.springframework.web.servlet.DispatcherServlet - FrameworkServlet 'dispatcherServlet': initialization completed in 17 ms
2021-01-28 10:18:59.987 [WARN ] [pool-1-thread-1] com.halcyon.file_manage.task.TimedTasks - taskJob-REFRSH DB.
2021-01-28 10:18:59.987 [WARN ] [pool-1-thread-1] c.halcyon.file_manage.annotations.StartAllJobInit - startJob-REFRSH DB.
2021-01-28 10:19:59.989 [WARN ] [pool-1-thread-1] com.halcyon.file_manage.task.TimedTasks - taskJob-REFRSH DB.
2021-01-28 10:19:59.989 [WARN ] [pool-1-thread-1] c.halcyon.file_manage.annotations.StartAllJobInit - startJob-REFRSH DB.
2021-01-28 10:20:59.990 [WARN ] [pool-1-thread-1] com.halcyon.file_manage.task.TimedTasks - taskJob-REFRSH DB.
2021-01-28 10:20:59.990 [WARN ] [pool-1-thread-1] c.halcyon.file_manage.annotations.StartAllJobInit - startJob-REFRSH DB.
2021-01-28 10:21:59.991 [WARN ] [pool-1-thread-1] com.halcyon.file_manage.task.TimedTasks - taskJob-REFRSH DB.
2021-01-28 10:21:59.991 [WARN ] [pool-1-thread-1] c.halcyon.file_manage.annotations.StartAllJobInit - startJob-REFRSH DB.
2021-01-28 10:22:59.992 [WARN ] [pool-1-thread-1] com.halcyon.file_manage.task.TimedTasks - taskJob-REFRSH DB.
2021-01-28 10:22:59.992 [WARN ] [pool-1-thread-1] c.halcyon.file_manage.annotations.StartAllJobInit - startJob-REFRSH DB.
2021-01-28 10:23:59.993 [WARN ] [pool-1-thread-1] com.halcyon.file_manage.task.TimedTasks - taskJob-REFRSH DB.
2021-01-28 10:23:59.993 [WARN ] [pool-1-thread-1] c.halcyon.file_manage.annotations.StartAllJobInit - startJob-REFRSH DB.
2021-01-28 10:24:59.995 [WARN ] [pool-1-thread-1] com.halcyon.file_manage.task.TimedTasks - taskJob-REFRSH DB.
2021-01-28 10:24:59.995 [WARN ] [pool-1-thread-1] c.halcyon.file_manage.annotations.StartAllJobInit - startJob-REFRSH DB.
2021-01-28 10:25:59.996 [WARN ] [pool-1-thread-1] com.halcyon.file_manage.task.TimedTasks - taskJob-REFRSH DB.
2021-01-28 10:25:59.996 [WARN ] [pool-1-thread-1] c.halcyon.file_manage.annotations.StartAllJobInit - startJob-REFRSH DB.
2021-01-28 10:27:08.034 [INFO ] [main] com.halcyon.file_manage.Application - Starting Application on DEEP-2019PSSVHS with PID 3736 (D:\hr21_work\halycon-file-manger-api\target\classes started by Administrator in D:\hr21_work\halycon-file-manger-api)
2021-01-28 10:27:08.037 [INFO ] [main] com.halcyon.file_manage.Application - The following profiles are active: dev
2021-01-28 10:27:08.072 [INFO ] [main] o.s.b.c.e.AnnotationConfigEmbeddedWebApplicationContext - Refreshing org.springframework.boot.context.embedded.AnnotationConfigEmbeddedWebApplicationContext@4313f5bc: startup date [Thu Jan 28 10:27:08 EST 2021]; root of context hierarchy
2021-01-28 10:27:08.837 [WARN ] [main] o.s.c.annotation.ConfigurationClassPostProcessor - Cannot enhance @Configuration bean definition 'mybatisConfigurer' since its singleton instance has been created too early. The typical cause is a non-static @Bean method with a BeanDefinitionRegistryPostProcessor return type: Consider declaring such methods as 'static'.
2021-01-28 10:27:09.062 [INFO ] [main] o.s.c.s.PostProcessorRegistrationDelegate$BeanPostProcessorChecker - Bean 'org.springframework.transaction.annotation.ProxyTransactionManagementConfiguration' of type [org.springframework.transaction.annotation.ProxyTransactionManagementConfiguration$$EnhancerBySpringCGLIB$$fed14f45] is not eligible for getting processed by all BeanPostProcessors (for example: not eligible for auto-proxying)
2021-01-28 10:27:09.487 [INFO ] [main] o.s.b.c.e.tomcat.TomcatEmbeddedServletContainer - Tomcat initialized with port(s): 8080 (http)
2021-01-28 10:27:09.510 [INFO ] [main] org.apache.catalina.core.StandardService - Starting service [Tomcat]
2021-01-28 10:27:09.511 [INFO ] [main] org.apache.catalina.core.StandardEngine - Starting Servlet Engine: Apache Tomcat/8.5.31
2021-01-28 10:27:09.606 [INFO ] [localhost-startStop-1] o.a.c.core.ContainerBase.[Tomcat].[localhost].[/] - Initializing Spring embedded WebApplicationContext
2021-01-28 10:27:09.606 [INFO ] [localhost-startStop-1] org.springframework.web.context.ContextLoader - Root WebApplicationContext: initialization completed in 1535 ms
2021-01-28 10:27:09.772 [INFO ] [localhost-startStop-1] o.s.boot.web.servlet.ServletRegistrationBean - Mapping servlet: 'dispatcherServlet' to [/]
2021-01-28 10:27:09.773 [INFO ] [localhost-startStop-1] o.s.boot.web.servlet.ServletRegistrationBean - Mapping servlet: 'statViewServlet' to [/druid/*]
2021-01-28 10:27:09.775 [INFO ] [localhost-startStop-1] o.s.boot.web.servlet.FilterRegistrationBean - Mapping filter: 'characterEncodingFilter' to: [/*]
2021-01-28 10:27:09.776 [INFO ] [localhost-startStop-1] o.s.boot.web.servlet.FilterRegistrationBean - Mapping filter: 'hiddenHttpMethodFilter' to: [/*]
2021-01-28 10:27:09.776 [INFO ] [localhost-startStop-1] o.s.boot.web.servlet.FilterRegistrationBean - Mapping filter: 'httpPutFormContentFilter' to: [/*]
2021-01-28 10:27:09.776 [INFO ] [localhost-startStop-1] o.s.boot.web.servlet.FilterRegistrationBean - Mapping filter: 'requestContextFilter' to: [/*]
2021-01-28 10:27:09.776 [INFO ] [localhost-startStop-1] o.s.boot.web.servlet.FilterRegistrationBean - Mapping filter: 'webStatFilter' to urls: [/*]
2021-01-28 10:27:09.826 [INFO ] [main] c.a.d.s.b.a.DruidDataSourceAutoConfigure - Init DruidDataSource
2021-01-28 10:27:10.202 [INFO ] [main] com.alibaba.druid.pool.DruidDataSource - {dataSource-1} inited
2021-01-28 10:27:10.625 [INFO ] [main] c.halcyon.file_manage.annotations.StartAllJobInit - spring boot started.
2021-01-28 10:27:11.139 [INFO ] [main] o.s.w.s.m.m.a.RequestMappingHandlerMapping - Mapped "{[/api/material/list],methods=[POST]}" onto public com.halcyon.file_manage.core.Result com.halcyon.file_manage.web.MaterialController.list(java.lang.Integer,java.lang.Integer,java.lang.String)
2021-01-28 10:27:11.140 [INFO ] [main] o.s.w.s.m.m.a.RequestMappingHandlerMapping - Mapped "{[/api/shelf/update],methods=[POST]}" onto public com.halcyon.file_manage.core.Result com.halcyon.file_manage.web.ShelfController.update(com.halcyon.file_manage.model.Shelf)
2021-01-28 10:27:11.141 [INFO ] [main] o.s.w.s.m.m.a.RequestMappingHandlerMapping - Mapped "{[/api/shelf/list],methods=[POST]}" onto public com.halcyon.file_manage.core.Result com.halcyon.file_manage.web.ShelfController.list(java.lang.Integer,java.lang.Integer,java.lang.String)
2021-01-28 10:27:11.141 [INFO ] [main] o.s.w.s.m.m.a.RequestMappingHandlerMapping - Mapped "{[/api/storage/list],methods=[POST]}" onto public com.halcyon.file_manage.core.Result com.halcyon.file_manage.web.StorageController.list(java.lang.String)
2021-01-28 10:27:11.142 [INFO ] [main] o.s.w.s.m.m.a.RequestMappingHandlerMapping - Mapped "{[/storagedetail/update],methods=[POST]}" onto public com.halcyon.file_manage.core.Result com.halcyon.file_manage.web.StoragedetailController.update(com.halcyon.file_manage.model.Storagedetail)
2021-01-28 10:27:11.143 [INFO ] [main] o.s.w.s.m.m.a.RequestMappingHandlerMapping - Mapped "{[/storagedetail/list],methods=[POST]}" onto public com.halcyon.file_manage.core.Result com.halcyon.file_manage.web.StoragedetailController.list(java.lang.Integer,java.lang.Integer)
2021-01-28 10:27:11.143 [INFO ] [main] o.s.w.s.m.m.a.RequestMappingHandlerMapping - Mapped "{[/v2/api-docs],methods=[GET],produces=[application/json || application/hal+json]}" onto public org.springframework.http.ResponseEntity<springfox.documentation.spring.web.json.Json> springfox.documentation.swagger2.web.Swagger2Controller.getDocumentation(java.lang.String,javax.servlet.http.HttpServletRequest)
2021-01-28 10:27:11.149 [INFO ] [main] o.s.w.s.m.m.a.RequestMappingHandlerMapping - Mapped "{[/swagger-resources/configuration/security]}" onto org.springframework.http.ResponseEntity<springfox.documentation.swagger.web.SecurityConfiguration> springfox.documentation.swagger.web.ApiResourceController.securityConfiguration()
2021-01-28 10:27:11.150 [INFO ] [main] o.s.w.s.m.m.a.RequestMappingHandlerMapping - Mapped "{[/swagger-resources/configuration/ui]}" onto org.springframework.http.ResponseEntity<springfox.documentation.swagger.web.UiConfiguration> springfox.documentation.swagger.web.ApiResourceController.uiConfiguration()
2021-01-28 10:27:11.151 [INFO ] [main] o.s.w.s.m.m.a.RequestMappingHandlerMapping - Mapped "{[/swagger-resources]}" onto org.springframework.http.ResponseEntity<java.util.List<springfox.documentation.swagger.web.SwaggerResource>> springfox.documentation.swagger.web.ApiResourceController.swaggerResources()
2021-01-28 10:27:11.154 [INFO ] [main] o.s.w.s.m.m.a.RequestMappingHandlerMapping - Mapped "{[/error]}" onto public org.springframework.http.ResponseEntity<java.util.Map<java.lang.String, java.lang.Object>> org.springframework.boot.autoconfigure.web.BasicErrorController.error(javax.servlet.http.HttpServletRequest)
2021-01-28 10:27:11.155 [INFO ] [main] o.s.w.s.m.m.a.RequestMappingHandlerMapping - Mapped "{[/error],produces=[text/html]}" onto public org.springframework.web.servlet.ModelAndView org.springframework.boot.autoconfigure.web.BasicErrorController.errorHtml(javax.servlet.http.HttpServletRequest,javax.servlet.http.HttpServletResponse)
2021-01-28 10:27:11.481 [INFO ] [main] o.s.w.s.m.m.a.RequestMappingHandlerAdapter - Looking for @ControllerAdvice: org.springframework.boot.context.embedded.AnnotationConfigEmbeddedWebApplicationContext@4313f5bc: startup date [Thu Jan 28 10:27:08 EST 2021]; root of context hierarchy
2021-01-28 10:27:11.521 [INFO ] [main] o.s.web.servlet.handler.SimpleUrlHandlerMapping - Mapped URL path [/swagger-ui.html] onto handler of type [class org.springframework.web.servlet.resource.ResourceHttpRequestHandler]
2021-01-28 10:27:11.521 [INFO ] [main] o.s.web.servlet.handler.SimpleUrlHandlerMapping - Mapped URL path [/webjars/**] onto handler of type [class org.springframework.web.servlet.resource.ResourceHttpRequestHandler]
2021-01-28 10:27:11.521 [INFO ] [main] o.s.web.servlet.handler.SimpleUrlHandlerMapping - Mapped URL path [/**] onto handler of type [class org.springframework.web.servlet.resource.ResourceHttpRequestHandler]
2021-01-28 10:27:11.543 [INFO ] [main] o.s.web.servlet.handler.SimpleUrlHandlerMapping - Mapped URL path [/**/favicon.ico] onto handler of type [class org.springframework.web.servlet.resource.ResourceHttpRequestHandler]
2021-01-28 10:27:11.560 [INFO ] [main] o.s.b.a.w.WebMvcAutoConfiguration$WelcomePageHandlerMapping - Adding welcome page: class path resource [static/index.html]
2021-01-28 10:27:11.770 [INFO ] [main] o.s.jmx.export.annotation.AnnotationMBeanExporter - Registering beans for JMX exposure on startup
2021-01-28 10:27:11.773 [INFO ] [main] o.s.jmx.export.annotation.AnnotationMBeanExporter - Bean with name 'statFilter' has been autodetected for JMX exposure
2021-01-28 10:27:11.773 [INFO ] [main] o.s.jmx.export.annotation.AnnotationMBeanExporter - Bean with name 'dataSource' has been autodetected for JMX exposure
2021-01-28 10:27:11.778 [INFO ] [main] o.s.jmx.export.annotation.AnnotationMBeanExporter - Located MBean 'dataSource': registering with JMX server as MBean [com.alibaba.druid.spring.boot.autoconfigure:name=dataSource,type=DruidDataSourceWrapper]
2021-01-28 10:27:11.779 [INFO ] [main] o.s.jmx.export.annotation.AnnotationMBeanExporter - Located MBean 'statFilter': registering with JMX server as MBean [com.alibaba.druid.filter.stat:name=statFilter,type=StatFilter]
2021-01-28 10:27:11.785 [INFO ] [main] o.s.context.support.DefaultLifecycleProcessor - Starting beans in phase 2147483647
2021-01-28 10:27:11.787 [INFO ] [main] s.d.s.web.plugins.DocumentationPluginsBootstrapper - Context refreshed
2021-01-28 10:27:11.806 [INFO ] [main] s.d.s.web.plugins.DocumentationPluginsBootstrapper - Found 1 custom documentation plugin(s)
2021-01-28 10:27:11.818 [INFO ] [main] s.d.spring.web.scanners.ApiListingReferenceScanner - Scanning for api listing references
2021-01-28 10:27:11.988 [INFO ] [main] s.d.s.w.r.operation.CachingOperationNameGenerator - Generating unique operation named: listUsingPOST_1
2021-01-28 10:27:11.997 [INFO ] [main] s.d.s.w.r.operation.CachingOperationNameGenerator - Generating unique operation named: listUsingPOST_2
2021-01-28 10:27:12.000 [INFO ] [main] s.d.s.w.r.operation.CachingOperationNameGenerator - Generating unique operation named: listUsingPOST_3
2021-01-28 10:27:12.004 [INFO ] [main] s.d.s.w.r.operation.CachingOperationNameGenerator - Generating unique operation named: updateUsingPOST_1
2021-01-28 10:27:12.021 [INFO ] [main] o.s.s.a.ScheduledAnnotationBeanPostProcessor - No TaskScheduler/ScheduledExecutorService bean found for scheduled processing
2021-01-28 10:27:12.026 [WARN ] [pool-1-thread-1] com.halcyon.file_manage.task.TimedTasks - taskJob-REFRSH DB.
2021-01-28 10:27:12.026 [WARN ] [pool-1-thread-1] c.halcyon.file_manage.annotations.StartAllJobInit - startJob-REFRSH DB.
2021-01-28 10:27:12.051 [INFO ] [main] o.s.b.c.e.tomcat.TomcatEmbeddedServletContainer - Tomcat started on port(s): 8080 (http)
2021-01-28 10:27:12.055 [INFO ] [main] com.halcyon.file_manage.Application - Started Application in 4.324 seconds (JVM running for 4.596)
2021-01-28 10:27:28.754 [INFO ] [http-nio-8080-exec-4] o.a.c.core.ContainerBase.[Tomcat].[localhost].[/] - Initializing Spring FrameworkServlet 'dispatcherServlet'
2021-01-28 10:27:28.755 [INFO ] [http-nio-8080-exec-4] org.springframework.web.servlet.DispatcherServlet - FrameworkServlet 'dispatcherServlet': initialization started
2021-01-28 10:27:28.770 [INFO ] [http-nio-8080-exec-4] org.springframework.web.servlet.DispatcherServlet - FrameworkServlet 'dispatcherServlet': initialization completed in 15 ms
2021-01-28 10:28:12.028 [WARN ] [pool-1-thread-1] com.halcyon.file_manage.task.TimedTasks - taskJob-REFRSH DB.
2021-01-28 10:28:12.028 [WARN ] [pool-1-thread-1] c.halcyon.file_manage.annotations.StartAllJobInit - startJob-REFRSH DB.
