2021-03-07 21:51:27.783 [INFO ] [main] com.halcyon.file_manage.Application - Starting Application on DEEP-2019PSSVHS with PID 12140 (D:\hr21_work\halycon-file-manger-api\target\classes started by Administrator in D:\hr21_work\halycon-file-manger-api)
2021-03-07 21:51:27.802 [INFO ] [main] com.halcyon.file_manage.Application - The following profiles are active: dev
2021-03-07 21:51:27.959 [INFO ] [main] o.s.b.c.e.AnnotationConfigEmbeddedWebApplicationContext - Refreshing org.springframework.boot.context.embedded.AnnotationConfigEmbeddedWebApplicationContext@a37aefe: startup date [Sun Mar 07 21:51:27 EST 2021]; root of context hierarchy
2021-03-07 21:51:29.404 [WARN ] [main] o.s.c.annotation.ConfigurationClassPostProcessor - Cannot enhance @Configuration bean definition 'mybatisConfigurer' since its singleton instance has been created too early. The typical cause is a non-static @Bean method with a BeanDefinitionRegistryPostProcessor return type: Consider declaring such methods as 'static'.
2021-03-07 21:51:29.678 [INFO ] [main] o.s.b.f.a.AutowiredAnnotationBeanPostProcessor - JSR-330 'javax.inject.Inject' annotation found and supported for autowiring
2021-03-07 21:51:29.821 [INFO ] [main] o.s.c.s.PostProcessorRegistrationDelegate$BeanPostProcessorChecker - Bean 'org.springframework.transaction.annotation.ProxyTransactionManagementConfiguration' of type [org.springframework.transaction.annotation.ProxyTransactionManagementConfiguration$$EnhancerBySpringCGLIB$$14d4418f] is not eligible for getting processed by all BeanPostProcessors (for example: not eligible for auto-proxying)
2021-03-07 21:51:30.603 [INFO ] [main] o.s.b.c.e.tomcat.TomcatEmbeddedServletContainer - Tomcat initialized with port(s): 8001 (http)
2021-03-07 21:51:30.650 [INFO ] [main] org.apache.catalina.core.StandardService - Starting service [Tomcat]
2021-03-07 21:51:30.650 [INFO ] [main] org.apache.catalina.core.StandardEngine - Starting Servlet Engine: Apache Tomcat/8.5.31
2021-03-07 21:51:30.859 [INFO ] [localhost-startStop-1] o.a.c.core.ContainerBase.[Tomcat].[localhost].[/] - Initializing Spring embedded WebApplicationContext
2021-03-07 21:51:30.860 [INFO ] [localhost-startStop-1] org.springframework.web.context.ContextLoader - Root WebApplicationContext: initialization completed in 2901 ms
2021-03-07 21:51:31.129 [INFO ] [localhost-startStop-1] o.s.boot.web.servlet.ServletRegistrationBean - Mapping servlet: 'dispatcherServlet' to [/]
2021-03-07 21:51:31.131 [INFO ] [localhost-startStop-1] o.s.boot.web.servlet.ServletRegistrationBean - Mapping servlet: 'statViewServlet' to [/druid/*]
2021-03-07 21:51:31.136 [INFO ] [localhost-startStop-1] o.s.boot.web.servlet.FilterRegistrationBean - Mapping filter: 'characterEncodingFilter' to: [/*]
2021-03-07 21:51:31.137 [INFO ] [localhost-startStop-1] o.s.boot.web.servlet.FilterRegistrationBean - Mapping filter: 'hiddenHttpMethodFilter' to: [/*]
2021-03-07 21:51:31.137 [INFO ] [localhost-startStop-1] o.s.boot.web.servlet.FilterRegistrationBean - Mapping filter: 'httpPutFormContentFilter' to: [/*]
2021-03-07 21:51:31.137 [INFO ] [localhost-startStop-1] o.s.boot.web.servlet.FilterRegistrationBean - Mapping filter: 'requestContextFilter' to: [/*]
2021-03-07 21:51:31.138 [INFO ] [localhost-startStop-1] o.s.boot.web.servlet.FilterRegistrationBean - Mapping filter: 'webStatFilter' to urls: [/*]
2021-03-07 21:51:31.233 [INFO ] [main] c.a.d.s.b.a.DruidDataSourceAutoConfigure - Init DruidDataSource
2021-03-07 21:51:31.903 [INFO ] [main] com.alibaba.druid.pool.DruidDataSource - {dataSource-1} inited
2021-03-07 21:51:32.637 [INFO ] [main] c.halcyon.file_manage.annotations.StartAllJobInit - spring boot started.
2021-03-07 21:51:33.234 [INFO ] [main] o.s.w.s.m.m.a.RequestMappingHandlerMapping - Mapped "{[/login],methods=[POST]}" onto public com.halcyon.file_manage.core.Result com.halcyon.file_manage.web.LoginController.login(javax.servlet.http.HttpServletRequest,java.lang.String,java.lang.String)
2021-03-07 21:51:33.235 [INFO ] [main] o.s.w.s.m.m.a.RequestMappingHandlerMapping - Mapped "{[/logout],methods=[POST]}" onto public com.halcyon.file_manage.core.Result com.halcyon.file_manage.web.LoginController.logout(javax.servlet.http.HttpServletRequest)
2021-03-07 21:51:33.237 [INFO ] [main] o.s.w.s.m.m.a.RequestMappingHandlerMapping - Mapped "{[/api/material/list],methods=[POST]}" onto public com.halcyon.file_manage.core.Result com.halcyon.file_manage.web.MaterialController.list(java.lang.Integer,java.lang.Integer,java.lang.String,java.lang.String)
2021-03-07 21:51:33.237 [INFO ] [main] o.s.w.s.m.m.a.RequestMappingHandlerMapping - Mapped "{[/api/material/listAbnormal],methods=[POST]}" onto public com.halcyon.file_manage.core.Result com.halcyon.file_manage.web.MaterialController.listAbnormal(java.lang.Integer,java.lang.Integer)
2021-03-07 21:51:33.238 [INFO ] [main] o.s.w.s.m.m.a.RequestMappingHandlerMapping - Mapped "{[/api/shelf/update],methods=[POST]}" onto public com.halcyon.file_manage.core.Result com.halcyon.file_manage.web.ShelfController.update(com.halcyon.file_manage.model.Shelf)
2021-03-07 21:51:33.238 [INFO ] [main] o.s.w.s.m.m.a.RequestMappingHandlerMapping - Mapped "{[/api/shelf/list],methods=[POST]}" onto public com.halcyon.file_manage.core.Result com.halcyon.file_manage.web.ShelfController.list(java.lang.Integer,java.lang.Integer,java.lang.String)
2021-03-07 21:51:33.238 [INFO ] [main] o.s.w.s.m.m.a.RequestMappingHandlerMapping - Mapped "{[/api/storage/list],methods=[POST]}" onto public com.halcyon.file_manage.core.Result com.halcyon.file_manage.web.StorageController.list(java.lang.String)
2021-03-07 21:51:33.239 [INFO ] [main] o.s.w.s.m.m.a.RequestMappingHandlerMapping - Mapped "{[/api/storagedetail/update],methods=[POST]}" onto public com.halcyon.file_manage.core.Result com.halcyon.file_manage.web.StoragedetailController.update(com.halcyon.file_manage.model.Storagedetail)
2021-03-07 21:51:33.239 [INFO ] [main] o.s.w.s.m.m.a.RequestMappingHandlerMapping - Mapped "{[/api/storagedetail/list],methods=[POST]}" onto public com.halcyon.file_manage.core.Result com.halcyon.file_manage.web.StoragedetailController.list(java.lang.Integer,java.lang.Integer,java.lang.String)
2021-03-07 21:51:33.240 [INFO ] [main] o.s.w.s.m.m.a.RequestMappingHandlerMapping - Mapped "{[/v2/api-docs],methods=[GET],produces=[application/json || application/hal+json]}" onto public org.springframework.http.ResponseEntity<springfox.documentation.spring.web.json.Json> springfox.documentation.swagger2.web.Swagger2Controller.getDocumentation(java.lang.String,javax.servlet.http.HttpServletRequest)
2021-03-07 21:51:33.243 [INFO ] [main] o.s.w.s.m.m.a.RequestMappingHandlerMapping - Mapped "{[/swagger-resources/configuration/security]}" onto org.springframework.http.ResponseEntity<springfox.documentation.swagger.web.SecurityConfiguration> springfox.documentation.swagger.web.ApiResourceController.securityConfiguration()
2021-03-07 21:51:33.244 [INFO ] [main] o.s.w.s.m.m.a.RequestMappingHandlerMapping - Mapped "{[/swagger-resources]}" onto org.springframework.http.ResponseEntity<java.util.List<springfox.documentation.swagger.web.SwaggerResource>> springfox.documentation.swagger.web.ApiResourceController.swaggerResources()
2021-03-07 21:51:33.245 [INFO ] [main] o.s.w.s.m.m.a.RequestMappingHandlerMapping - Mapped "{[/swagger-resources/configuration/ui]}" onto org.springframework.http.ResponseEntity<springfox.documentation.swagger.web.UiConfiguration> springfox.documentation.swagger.web.ApiResourceController.uiConfiguration()
2021-03-07 21:51:33.248 [INFO ] [main] o.s.w.s.m.m.a.RequestMappingHandlerMapping - Mapped "{[/error]}" onto public org.springframework.http.ResponseEntity<java.util.Map<java.lang.String, java.lang.Object>> org.springframework.boot.autoconfigure.web.BasicErrorController.error(javax.servlet.http.HttpServletRequest)
2021-03-07 21:51:33.249 [INFO ] [main] o.s.w.s.m.m.a.RequestMappingHandlerMapping - Mapped "{[/error],produces=[text/html]}" onto public org.springframework.web.servlet.ModelAndView org.springframework.boot.autoconfigure.web.BasicErrorController.errorHtml(javax.servlet.http.HttpServletRequest,javax.servlet.http.HttpServletResponse)
2021-03-07 21:51:33.711 [INFO ] [main] o.s.w.s.m.m.a.RequestMappingHandlerAdapter - Looking for @ControllerAdvice: org.springframework.boot.context.embedded.AnnotationConfigEmbeddedWebApplicationContext@a37aefe: startup date [Sun Mar 07 21:51:27 EST 2021]; root of context hierarchy
2021-03-07 21:51:33.793 [INFO ] [main] o.s.web.servlet.handler.SimpleUrlHandlerMapping - Mapped URL path [/swagger-ui.html] onto handler of type [class org.springframework.web.servlet.resource.ResourceHttpRequestHandler]
2021-03-07 21:51:33.793 [INFO ] [main] o.s.web.servlet.handler.SimpleUrlHandlerMapping - Mapped URL path [/webjars/**] onto handler of type [class org.springframework.web.servlet.resource.ResourceHttpRequestHandler]
2021-03-07 21:51:33.793 [INFO ] [main] o.s.web.servlet.handler.SimpleUrlHandlerMapping - Mapped URL path [/**] onto handler of type [class org.springframework.web.servlet.resource.ResourceHttpRequestHandler]
2021-03-07 21:51:33.842 [INFO ] [main] o.s.web.servlet.handler.SimpleUrlHandlerMapping - Mapped URL path [/**/favicon.ico] onto handler of type [class org.springframework.web.servlet.resource.ResourceHttpRequestHandler]
2021-03-07 21:51:33.873 [INFO ] [main] o.s.b.a.w.WebMvcAutoConfiguration$WelcomePageHandlerMapping - Adding welcome page: class path resource [static/index.html]
2021-03-07 21:51:34.336 [INFO ] [main] o.s.jmx.export.annotation.AnnotationMBeanExporter - Registering beans for JMX exposure on startup
2021-03-07 21:51:34.338 [INFO ] [main] o.s.jmx.export.annotation.AnnotationMBeanExporter - Bean with name 'statFilter' has been autodetected for JMX exposure
2021-03-07 21:51:34.338 [INFO ] [main] o.s.jmx.export.annotation.AnnotationMBeanExporter - Bean with name 'dataSource' has been autodetected for JMX exposure
2021-03-07 21:51:34.344 [INFO ] [main] o.s.jmx.export.annotation.AnnotationMBeanExporter - Located MBean 'dataSource': registering with JMX server as MBean [com.alibaba.druid.spring.boot.autoconfigure:name=dataSource,type=DruidDataSourceWrapper]
2021-03-07 21:51:34.345 [INFO ] [main] o.s.jmx.export.annotation.AnnotationMBeanExporter - Located MBean 'statFilter': registering with JMX server as MBean [com.alibaba.druid.filter.stat:name=statFilter,type=StatFilter]
2021-03-07 21:51:34.351 [INFO ] [main] o.s.context.support.DefaultLifecycleProcessor - Starting beans in phase 2147483647
2021-03-07 21:51:34.351 [INFO ] [main] s.d.s.web.plugins.DocumentationPluginsBootstrapper - Context refreshed
2021-03-07 21:51:34.405 [INFO ] [main] s.d.s.web.plugins.DocumentationPluginsBootstrapper - Found 1 custom documentation plugin(s)
2021-03-07 21:51:34.425 [INFO ] [main] s.d.spring.web.scanners.ApiListingReferenceScanner - Scanning for api listing references
2021-03-07 21:51:34.804 [INFO ] [main] s.d.s.w.r.operation.CachingOperationNameGenerator - Generating unique operation named: listUsingPOST_1
2021-03-07 21:51:34.817 [INFO ] [main] s.d.s.w.r.operation.CachingOperationNameGenerator - Generating unique operation named: listUsingPOST_2
2021-03-07 21:51:34.821 [INFO ] [main] s.d.s.w.r.operation.CachingOperationNameGenerator - Generating unique operation named: listUsingPOST_3
2021-03-07 21:51:34.825 [INFO ] [main] s.d.s.w.r.operation.CachingOperationNameGenerator - Generating unique operation named: updateUsingPOST_1
2021-03-07 21:51:34.848 [INFO ] [main] o.s.s.a.ScheduledAnnotationBeanPostProcessor - No TaskScheduler/ScheduledExecutorService bean found for scheduled processing
2021-03-07 21:51:34.853 [WARN ] [pool-2-thread-1] com.halcyon.file_manage.task.TimedTasks - taskJob-REFRSH DB.
2021-03-07 21:51:34.901 [INFO ] [main] o.s.b.c.e.tomcat.TomcatEmbeddedServletContainer - Tomcat started on port(s): 8001 (http)
2021-03-07 21:51:34.908 [INFO ] [main] com.halcyon.file_manage.Application - Started Application in 7.798 seconds (JVM running for 8.657)
2021-03-07 21:52:20.437 [INFO ] [http-nio-8001-exec-1] o.a.c.core.ContainerBase.[Tomcat].[localhost].[/] - Initializing Spring FrameworkServlet 'dispatcherServlet'
2021-03-07 21:52:20.437 [INFO ] [http-nio-8001-exec-1] org.springframework.web.servlet.DispatcherServlet - FrameworkServlet 'dispatcherServlet': initialization started
2021-03-07 21:52:20.473 [INFO ] [http-nio-8001-exec-1] org.springframework.web.servlet.DispatcherServlet - FrameworkServlet 'dispatcherServlet': initialization completed in 36 ms
2021-03-07 21:52:27.145 [ERROR] [http-nio-8001-exec-5] c.halcyon.file_manage.configurer.WebMvcConfigurer - java.io.IOException: 您的主机中的软件中止了一个已建立的连接。
org.apache.catalina.connector.ClientAbortException: java.io.IOException: 您的主机中的软件中止了一个已建立的连接。
	at org.apache.catalina.connector.OutputBuffer.realWriteBytes(OutputBuffer.java:356)
	at org.apache.catalina.connector.OutputBuffer.flushByteBuffer(OutputBuffer.java:825)
	at org.apache.catalina.connector.OutputBuffer.append(OutputBuffer.java:730)
	at org.apache.catalina.connector.OutputBuffer.writeBytes(OutputBuffer.java:391)
	at org.apache.catalina.connector.OutputBuffer.write(OutputBuffer.java:369)
	at org.apache.catalina.connector.CoyoteOutputStream.write(CoyoteOutputStream.java:96)
	at org.springframework.util.StreamUtils.copy(StreamUtils.java:138)
	at org.springframework.http.converter.ResourceHttpMessageConverter.writeContent(ResourceHttpMessageConverter.java:110)
	at org.springframework.http.converter.ResourceHttpMessageConverter.writeInternal(ResourceHttpMessageConverter.java:102)
	at org.springframework.http.converter.ResourceHttpMessageConverter.writeInternal(ResourceHttpMessageConverter.java:45)
	at org.springframework.http.converter.AbstractHttpMessageConverter.write(AbstractHttpMessageConverter.java:226)
	at org.springframework.web.servlet.resource.ResourceHttpRequestHandler.handleRequest(ResourceHttpRequestHandler.java:480)
	at org.springframework.web.servlet.mvc.HttpRequestHandlerAdapter.handle(HttpRequestHandlerAdapter.java:51)
	at org.springframework.web.servlet.DispatcherServlet.doDispatch(DispatcherServlet.java:967)
	at org.springframework.web.servlet.DispatcherServlet.doService(DispatcherServlet.java:901)
	at org.springframework.web.servlet.FrameworkServlet.processRequest(FrameworkServlet.java:970)
	at org.springframework.web.servlet.FrameworkServlet.doGet(FrameworkServlet.java:861)
	at javax.servlet.http.HttpServlet.service(HttpServlet.java:635)
	at org.springframework.web.servlet.FrameworkServlet.service(FrameworkServlet.java:846)
	at javax.servlet.http.HttpServlet.service(HttpServlet.java:742)
	at org.apache.catalina.core.ApplicationFilterChain.internalDoFilter(ApplicationFilterChain.java:231)
	at org.apache.catalina.core.ApplicationFilterChain.doFilter(ApplicationFilterChain.java:166)
	at org.apache.tomcat.websocket.server.WsFilter.doFilter(WsFilter.java:52)
	at org.apache.catalina.core.ApplicationFilterChain.internalDoFilter(ApplicationFilterChain.java:193)
	at org.apache.catalina.core.ApplicationFilterChain.doFilter(ApplicationFilterChain.java:166)
	at com.alibaba.druid.support.http.WebStatFilter.doFilter(WebStatFilter.java:123)
	at org.apache.catalina.core.ApplicationFilterChain.internalDoFilter(ApplicationFilterChain.java:193)
	at org.apache.catalina.core.ApplicationFilterChain.doFilter(ApplicationFilterChain.java:166)
	at org.springframework.web.filter.RequestContextFilter.doFilterInternal(RequestContextFilter.java:99)
	at org.springframework.web.filter.OncePerRequestFilter.doFilter(OncePerRequestFilter.java:107)
	at org.apache.catalina.core.ApplicationFilterChain.internalDoFilter(ApplicationFilterChain.java:193)
	at org.apache.catalina.core.ApplicationFilterChain.doFilter(ApplicationFilterChain.java:166)
	at org.springframework.web.filter.HttpPutFormContentFilter.doFilterInternal(HttpPutFormContentFilter.java:109)
	at org.springframework.web.filter.OncePerRequestFilter.doFilter(OncePerRequestFilter.java:107)
	at org.apache.catalina.core.ApplicationFilterChain.internalDoFilter(ApplicationFilterChain.java:193)
	at org.apache.catalina.core.ApplicationFilterChain.doFilter(ApplicationFilterChain.java:166)
	at org.springframework.web.filter.HiddenHttpMethodFilter.doFilterInternal(HiddenHttpMethodFilter.java:81)
	at org.springframework.web.filter.OncePerRequestFilter.doFilter(OncePerRequestFilter.java:107)
	at org.apache.catalina.core.ApplicationFilterChain.internalDoFilter(ApplicationFilterChain.java:193)
	at org.apache.catalina.core.ApplicationFilterChain.doFilter(ApplicationFilterChain.java:166)
	at org.springframework.web.filter.CharacterEncodingFilter.doFilterInternal(CharacterEncodingFilter.java:197)
	at org.springframework.web.filter.OncePerRequestFilter.doFilter(OncePerRequestFilter.java:107)
	at org.apache.catalina.core.ApplicationFilterChain.internalDoFilter(ApplicationFilterChain.java:193)
	at org.apache.catalina.core.ApplicationFilterChain.doFilter(ApplicationFilterChain.java:166)
	at org.apache.catalina.core.StandardWrapperValve.invoke(StandardWrapperValve.java:198)
	at org.apache.catalina.core.StandardContextValve.invoke(StandardContextValve.java:96)
	at org.apache.catalina.authenticator.AuthenticatorBase.invoke(AuthenticatorBase.java:496)
	at org.apache.catalina.core.StandardHostValve.invoke(StandardHostValve.java:140)
	at org.apache.catalina.valves.ErrorReportValve.invoke(ErrorReportValve.java:81)
	at org.apache.catalina.core.StandardEngineValve.invoke(StandardEngineValve.java:87)
	at org.apache.catalina.connector.CoyoteAdapter.service(CoyoteAdapter.java:342)
	at org.apache.coyote.http11.Http11Processor.service(Http11Processor.java:803)
	at org.apache.coyote.AbstractProcessorLight.process(AbstractProcessorLight.java:66)
	at org.apache.coyote.AbstractProtocol$ConnectionHandler.process(AbstractProtocol.java:790)
	at org.apache.tomcat.util.net.NioEndpoint$SocketProcessor.doRun(NioEndpoint.java:1468)
	at org.apache.tomcat.util.net.SocketProcessorBase.run(SocketProcessorBase.java:49)
	at java.util.concurrent.ThreadPoolExecutor.runWorker(Unknown Source)
	at java.util.concurrent.ThreadPoolExecutor$Worker.run(Unknown Source)
	at org.apache.tomcat.util.threads.TaskThread$WrappingRunnable.run(TaskThread.java:61)
	at java.lang.Thread.run(Unknown Source)
Caused by: java.io.IOException: 您的主机中的软件中止了一个已建立的连接。
	at sun.nio.ch.SocketDispatcher.write0(Native Method)
	at sun.nio.ch.SocketDispatcher.write(Unknown Source)
	at sun.nio.ch.IOUtil.writeFromNativeBuffer(Unknown Source)
	at sun.nio.ch.IOUtil.write(Unknown Source)
	at sun.nio.ch.SocketChannelImpl.write(Unknown Source)
	at org.apache.tomcat.util.net.NioChannel.write(NioChannel.java:134)
	at org.apache.tomcat.util.net.NioBlockingSelector.write(NioBlockingSelector.java:101)
	at org.apache.tomcat.util.net.NioSelectorPool.write(NioSelectorPool.java:157)
	at org.apache.tomcat.util.net.NioEndpoint$NioSocketWrapper.doWrite(NioEndpoint.java:1276)
	at org.apache.tomcat.util.net.SocketWrapperBase.doWrite(SocketWrapperBase.java:670)
	at org.apache.tomcat.util.net.SocketWrapperBase.writeBlocking(SocketWrapperBase.java:450)
	at org.apache.tomcat.util.net.SocketWrapperBase.write(SocketWrapperBase.java:388)
	at org.apache.coyote.http11.Http11OutputBuffer$SocketOutputBuffer.doWrite(Http11OutputBuffer.java:623)
	at org.apache.coyote.http11.filters.IdentityOutputFilter.doWrite(IdentityOutputFilter.java:116)
	at org.apache.coyote.http11.Http11OutputBuffer.doWrite(Http11OutputBuffer.java:225)
	at org.apache.coyote.Response.doWrite(Response.java:541)
	at org.apache.catalina.connector.OutputBuffer.realWriteBytes(OutputBuffer.java:351)
	... 59 common frames omitted
2021-03-07 21:52:27.177 [ERROR] [http-nio-8001-exec-5] o.a.c.c.C.[.[localhost].[/].[dispatcherServlet] - Servlet.service() for servlet [dispatcherServlet] in context with path [] threw exception [Request processing failed; nested exception is java.lang.IllegalStateException: getOutputStream() has already been called for this response] with root cause
java.lang.IllegalStateException: getOutputStream() has already been called for this response
	at org.apache.catalina.connector.Response.getWriter(Response.java:624)
	at org.apache.catalina.connector.ResponseFacade.getWriter(ResponseFacade.java:211)
	at javax.servlet.ServletResponseWrapper.getWriter(ServletResponseWrapper.java:109)
	at com.halcyon.file_manage.configurer.WebMvcConfigurer.responseResult(WebMvcConfigurer.java:191)
	at com.halcyon.file_manage.configurer.WebMvcConfigurer.access$1(WebMvcConfigurer.java:186)
	at com.halcyon.file_manage.configurer.WebMvcConfigurer$1.resolveException(WebMvcConfigurer.java:97)
	at org.springframework.web.servlet.handler.HandlerExceptionResolverComposite.resolveException(HandlerExceptionResolverComposite.java:76)
	at org.springframework.web.servlet.DispatcherServlet.processHandlerException(DispatcherServlet.java:1222)
	at org.springframework.web.servlet.DispatcherServlet.processDispatchResult(DispatcherServlet.java:1034)
	at org.springframework.web.servlet.DispatcherServlet.doDispatch(DispatcherServlet.java:984)
	at org.springframework.web.servlet.DispatcherServlet.doService(DispatcherServlet.java:901)
	at org.springframework.web.servlet.FrameworkServlet.processRequest(FrameworkServlet.java:970)
	at org.springframework.web.servlet.FrameworkServlet.doGet(FrameworkServlet.java:861)
	at javax.servlet.http.HttpServlet.service(HttpServlet.java:635)
	at org.springframework.web.servlet.FrameworkServlet.service(FrameworkServlet.java:846)
	at javax.servlet.http.HttpServlet.service(HttpServlet.java:742)
	at org.apache.catalina.core.ApplicationFilterChain.internalDoFilter(ApplicationFilterChain.java:231)
	at org.apache.catalina.core.ApplicationFilterChain.doFilter(ApplicationFilterChain.java:166)
	at org.apache.tomcat.websocket.server.WsFilter.doFilter(WsFilter.java:52)
	at org.apache.catalina.core.ApplicationFilterChain.internalDoFilter(ApplicationFilterChain.java:193)
	at org.apache.catalina.core.ApplicationFilterChain.doFilter(ApplicationFilterChain.java:166)
	at com.alibaba.druid.support.http.WebStatFilter.doFilter(WebStatFilter.java:123)
	at org.apache.catalina.core.ApplicationFilterChain.internalDoFilter(ApplicationFilterChain.java:193)
	at org.apache.catalina.core.ApplicationFilterChain.doFilter(ApplicationFilterChain.java:166)
	at org.springframework.web.filter.RequestContextFilter.doFilterInternal(RequestContextFilter.java:99)
	at org.springframework.web.filter.OncePerRequestFilter.doFilter(OncePerRequestFilter.java:107)
	at org.apache.catalina.core.ApplicationFilterChain.internalDoFilter(ApplicationFilterChain.java:193)
	at org.apache.catalina.core.ApplicationFilterChain.doFilter(ApplicationFilterChain.java:166)
	at org.springframework.web.filter.HttpPutFormContentFilter.doFilterInternal(HttpPutFormContentFilter.java:109)
	at org.springframework.web.filter.OncePerRequestFilter.doFilter(OncePerRequestFilter.java:107)
	at org.apache.catalina.core.ApplicationFilterChain.internalDoFilter(ApplicationFilterChain.java:193)
	at org.apache.catalina.core.ApplicationFilterChain.doFilter(ApplicationFilterChain.java:166)
	at org.springframework.web.filter.HiddenHttpMethodFilter.doFilterInternal(HiddenHttpMethodFilter.java:81)
	at org.springframework.web.filter.OncePerRequestFilter.doFilter(OncePerRequestFilter.java:107)
	at org.apache.catalina.core.ApplicationFilterChain.internalDoFilter(ApplicationFilterChain.java:193)
	at org.apache.catalina.core.ApplicationFilterChain.doFilter(ApplicationFilterChain.java:166)
	at org.springframework.web.filter.CharacterEncodingFilter.doFilterInternal(CharacterEncodingFilter.java:197)
	at org.springframework.web.filter.OncePerRequestFilter.doFilter(OncePerRequestFilter.java:107)
	at org.apache.catalina.core.ApplicationFilterChain.internalDoFilter(ApplicationFilterChain.java:193)
	at org.apache.catalina.core.ApplicationFilterChain.doFilter(ApplicationFilterChain.java:166)
	at org.apache.catalina.core.StandardWrapperValve.invoke(StandardWrapperValve.java:198)
	at org.apache.catalina.core.StandardContextValve.invoke(StandardContextValve.java:96)
	at org.apache.catalina.authenticator.AuthenticatorBase.invoke(AuthenticatorBase.java:496)
	at org.apache.catalina.core.StandardHostValve.invoke(StandardHostValve.java:140)
	at org.apache.catalina.valves.ErrorReportValve.invoke(ErrorReportValve.java:81)
	at org.apache.catalina.core.StandardEngineValve.invoke(StandardEngineValve.java:87)
	at org.apache.catalina.connector.CoyoteAdapter.service(CoyoteAdapter.java:342)
	at org.apache.coyote.http11.Http11Processor.service(Http11Processor.java:803)
	at org.apache.coyote.AbstractProcessorLight.process(AbstractProcessorLight.java:66)
	at org.apache.coyote.AbstractProtocol$ConnectionHandler.process(AbstractProtocol.java:790)
	at org.apache.tomcat.util.net.NioEndpoint$SocketProcessor.doRun(NioEndpoint.java:1468)
	at org.apache.tomcat.util.net.SocketProcessorBase.run(SocketProcessorBase.java:49)
	at java.util.concurrent.ThreadPoolExecutor.runWorker(Unknown Source)
	at java.util.concurrent.ThreadPoolExecutor$Worker.run(Unknown Source)
	at org.apache.tomcat.util.threads.TaskThread$WrappingRunnable.run(TaskThread.java:61)
	at java.lang.Thread.run(Unknown Source)
2021-03-07 21:52:29.888 [ERROR] [http-nio-8001-exec-5] c.halcyon.file_manage.configurer.WebMvcConfigurer - 接口 [/webjars/springfox-swagger-ui/fonts/DroidSans.ttf] 出现异常，方法：org.springframework.boot.autoconfigure.web.BasicErrorController.error，异常摘要：java.io.IOException: 您的主机中的软件中止了一个已建立的连接。
org.apache.catalina.connector.ClientAbortException: java.io.IOException: 您的主机中的软件中止了一个已建立的连接。
	at org.apache.catalina.connector.OutputBuffer.realWriteBytes(OutputBuffer.java:356)
	at org.apache.catalina.connector.OutputBuffer.flushByteBuffer(OutputBuffer.java:825)
	at org.apache.catalina.connector.OutputBuffer.append(OutputBuffer.java:730)
	at org.apache.catalina.connector.OutputBuffer.writeBytes(OutputBuffer.java:391)
	at org.apache.catalina.connector.OutputBuffer.write(OutputBuffer.java:369)
	at org.apache.catalina.connector.CoyoteOutputStream.write(CoyoteOutputStream.java:96)
	at java.io.ByteArrayOutputStream.writeTo(Unknown Source)
	at com.alibaba.fastjson.support.spring.FastJsonHttpMessageConverter.writeInternal(FastJsonHttpMessageConverter.java:264)
	at org.springframework.http.converter.AbstractHttpMessageConverter.write(AbstractHttpMessageConverter.java:226)
	at com.alibaba.fastjson.support.spring.FastJsonHttpMessageConverter.write(FastJsonHttpMessageConverter.java:184)
	at org.springframework.web.servlet.mvc.method.annotation.AbstractMessageConverterMethodProcessor.writeWithMessageConverters(AbstractMessageConverterMethodProcessor.java:231)
	at org.springframework.web.servlet.mvc.method.annotation.HttpEntityMethodProcessor.handleReturnValue(HttpEntityMethodProcessor.java:208)
	at org.springframework.web.method.support.HandlerMethodReturnValueHandlerComposite.handleReturnValue(HandlerMethodReturnValueHandlerComposite.java:81)
	at org.springframework.web.servlet.mvc.method.annotation.ServletInvocableHandlerMethod.invokeAndHandle(ServletInvocableHandlerMethod.java:113)
	at org.springframework.web.servlet.mvc.method.annotation.RequestMappingHandlerAdapter.invokeHandlerMethod(RequestMappingHandlerAdapter.java:827)
	at org.springframework.web.servlet.mvc.method.annotation.RequestMappingHandlerAdapter.handleInternal(RequestMappingHandlerAdapter.java:738)
	at org.springframework.web.servlet.mvc.method.AbstractHandlerMethodAdapter.handle(AbstractHandlerMethodAdapter.java:85)
	at org.springframework.web.servlet.DispatcherServlet.doDispatch(DispatcherServlet.java:967)
	at org.springframework.web.servlet.DispatcherServlet.doService(DispatcherServlet.java:901)
	at org.springframework.web.servlet.FrameworkServlet.processRequest(FrameworkServlet.java:970)
	at org.springframework.web.servlet.FrameworkServlet.doGet(FrameworkServlet.java:861)
	at javax.servlet.http.HttpServlet.service(HttpServlet.java:635)
	at org.springframework.web.servlet.FrameworkServlet.service(FrameworkServlet.java:846)
	at javax.servlet.http.HttpServlet.service(HttpServlet.java:742)
	at org.apache.catalina.core.ApplicationFilterChain.internalDoFilter(ApplicationFilterChain.java:231)
	at org.apache.catalina.core.ApplicationFilterChain.doFilter(ApplicationFilterChain.java:166)
	at com.alibaba.druid.support.http.WebStatFilter.doFilter(WebStatFilter.java:123)
	at org.apache.catalina.core.ApplicationFilterChain.internalDoFilter(ApplicationFilterChain.java:193)
	at org.apache.catalina.core.ApplicationFilterChain.doFilter(ApplicationFilterChain.java:166)
	at org.springframework.web.filter.RequestContextFilter.doFilterInternal(RequestContextFilter.java:99)
	at org.springframework.web.filter.OncePerRequestFilter.doFilter(OncePerRequestFilter.java:107)
	at org.apache.catalina.core.ApplicationFilterChain.internalDoFilter(ApplicationFilterChain.java:193)
	at org.apache.catalina.core.ApplicationFilterChain.doFilter(ApplicationFilterChain.java:166)
	at org.springframework.web.filter.OncePerRequestFilter.doFilter(OncePerRequestFilter.java:101)
	at org.apache.catalina.core.ApplicationFilterChain.internalDoFilter(ApplicationFilterChain.java:193)
	at org.apache.catalina.core.ApplicationFilterChain.doFilter(ApplicationFilterChain.java:166)
	at org.springframework.web.filter.OncePerRequestFilter.doFilter(OncePerRequestFilter.java:101)
	at org.apache.catalina.core.ApplicationFilterChain.internalDoFilter(ApplicationFilterChain.java:193)
	at org.apache.catalina.core.ApplicationFilterChain.doFilter(ApplicationFilterChain.java:166)
	at org.springframework.web.filter.OncePerRequestFilter.doFilter(OncePerRequestFilter.java:101)
	at org.apache.catalina.core.ApplicationFilterChain.internalDoFilter(ApplicationFilterChain.java:193)
	at org.apache.catalina.core.ApplicationFilterChain.doFilter(ApplicationFilterChain.java:166)
	at org.apache.catalina.core.ApplicationDispatcher.invoke(ApplicationDispatcher.java:728)
	at org.apache.catalina.core.ApplicationDispatcher.doInclude(ApplicationDispatcher.java:591)
	at org.apache.catalina.core.ApplicationDispatcher.include(ApplicationDispatcher.java:527)
	at org.apache.catalina.core.StandardHostValve.custom(StandardHostValve.java:389)
	at org.apache.catalina.core.StandardHostValve.status(StandardHostValve.java:254)
	at org.apache.catalina.core.StandardHostValve.throwable(StandardHostValve.java:349)
	at org.apache.catalina.core.StandardHostValve.invoke(StandardHostValve.java:175)
	at org.apache.catalina.valves.ErrorReportValve.invoke(ErrorReportValve.java:81)
	at org.apache.catalina.core.StandardEngineValve.invoke(StandardEngineValve.java:87)
	at org.apache.catalina.connector.CoyoteAdapter.service(CoyoteAdapter.java:342)
	at org.apache.coyote.http11.Http11Processor.service(Http11Processor.java:803)
	at org.apache.coyote.AbstractProcessorLight.process(AbstractProcessorLight.java:66)
	at org.apache.coyote.AbstractProtocol$ConnectionHandler.process(AbstractProtocol.java:790)
	at org.apache.tomcat.util.net.NioEndpoint$SocketProcessor.doRun(NioEndpoint.java:1468)
	at org.apache.tomcat.util.net.SocketProcessorBase.run(SocketProcessorBase.java:49)
	at java.util.concurrent.ThreadPoolExecutor.runWorker(Unknown Source)
	at java.util.concurrent.ThreadPoolExecutor$Worker.run(Unknown Source)
	at org.apache.tomcat.util.threads.TaskThread$WrappingRunnable.run(TaskThread.java:61)
	at java.lang.Thread.run(Unknown Source)
Caused by: java.io.IOException: 您的主机中的软件中止了一个已建立的连接。
	at sun.nio.ch.SocketDispatcher.write0(Native Method)
	at sun.nio.ch.SocketDispatcher.write(Unknown Source)
	at sun.nio.ch.IOUtil.writeFromNativeBuffer(Unknown Source)
	at sun.nio.ch.IOUtil.write(Unknown Source)
	at sun.nio.ch.SocketChannelImpl.write(Unknown Source)
	at org.apache.tomcat.util.net.NioChannel.write(NioChannel.java:134)
	at org.apache.tomcat.util.net.NioBlockingSelector.write(NioBlockingSelector.java:101)
	at org.apache.tomcat.util.net.NioSelectorPool.write(NioSelectorPool.java:157)
	at org.apache.tomcat.util.net.NioEndpoint$NioSocketWrapper.doWrite(NioEndpoint.java:1276)
	at org.apache.tomcat.util.net.SocketWrapperBase.doWrite(SocketWrapperBase.java:670)
	at org.apache.tomcat.util.net.SocketWrapperBase.writeBlocking(SocketWrapperBase.java:450)
	at org.apache.tomcat.util.net.SocketWrapperBase.write(SocketWrapperBase.java:388)
	at org.apache.coyote.http11.Http11OutputBuffer$SocketOutputBuffer.doWrite(Http11OutputBuffer.java:623)
	at org.apache.coyote.http11.filters.IdentityOutputFilter.doWrite(IdentityOutputFilter.java:116)
	at org.apache.coyote.http11.Http11OutputBuffer.doWrite(Http11OutputBuffer.java:225)
	at org.apache.coyote.Response.doWrite(Response.java:541)
	at org.apache.catalina.connector.OutputBuffer.realWriteBytes(OutputBuffer.java:351)
	... 60 common frames omitted
2021-03-07 21:52:29.891 [ERROR] [http-nio-8001-exec-5] o.a.c.c.C.[.[localhost].[/].[dispatcherServlet] - Servlet.service() for servlet [dispatcherServlet] threw exception
java.lang.IllegalStateException: getOutputStream() has already been called for this response
	at org.apache.catalina.connector.Response.getWriter(Response.java:624)
	at org.apache.catalina.connector.ResponseFacade.getWriter(ResponseFacade.java:211)
	at javax.servlet.ServletResponseWrapper.getWriter(ServletResponseWrapper.java:109)
	at javax.servlet.ServletResponseWrapper.getWriter(ServletResponseWrapper.java:109)
	at com.halcyon.file_manage.configurer.WebMvcConfigurer.responseResult(WebMvcConfigurer.java:191)
	at com.halcyon.file_manage.configurer.WebMvcConfigurer.access$1(WebMvcConfigurer.java:186)
	at com.halcyon.file_manage.configurer.WebMvcConfigurer$1.resolveException(WebMvcConfigurer.java:97)
	at org.springframework.web.servlet.handler.HandlerExceptionResolverComposite.resolveException(HandlerExceptionResolverComposite.java:76)
	at org.springframework.web.servlet.DispatcherServlet.processHandlerException(DispatcherServlet.java:1222)
	at org.springframework.web.servlet.DispatcherServlet.processDispatchResult(DispatcherServlet.java:1034)
	at org.springframework.web.servlet.DispatcherServlet.doDispatch(DispatcherServlet.java:984)
	at org.springframework.web.servlet.DispatcherServlet.doService(DispatcherServlet.java:901)
	at org.springframework.web.servlet.FrameworkServlet.processRequest(FrameworkServlet.java:970)
	at org.springframework.web.servlet.FrameworkServlet.doGet(FrameworkServlet.java:861)
	at javax.servlet.http.HttpServlet.service(HttpServlet.java:635)
	at org.springframework.web.servlet.FrameworkServlet.service(FrameworkServlet.java:846)
	at javax.servlet.http.HttpServlet.service(HttpServlet.java:742)
	at org.apache.catalina.core.ApplicationFilterChain.internalDoFilter(ApplicationFilterChain.java:231)
	at org.apache.catalina.core.ApplicationFilterChain.doFilter(ApplicationFilterChain.java:166)
	at com.alibaba.druid.support.http.WebStatFilter.doFilter(WebStatFilter.java:123)
	at org.apache.catalina.core.ApplicationFilterChain.internalDoFilter(ApplicationFilterChain.java:193)
	at org.apache.catalina.core.ApplicationFilterChain.doFilter(ApplicationFilterChain.java:166)
	at org.springframework.web.filter.RequestContextFilter.doFilterInternal(RequestContextFilter.java:99)
	at org.springframework.web.filter.OncePerRequestFilter.doFilter(OncePerRequestFilter.java:107)
	at org.apache.catalina.core.ApplicationFilterChain.internalDoFilter(ApplicationFilterChain.java:193)
	at org.apache.catalina.core.ApplicationFilterChain.doFilter(ApplicationFilterChain.java:166)
	at org.springframework.web.filter.OncePerRequestFilter.doFilter(OncePerRequestFilter.java:101)
	at org.apache.catalina.core.ApplicationFilterChain.internalDoFilter(ApplicationFilterChain.java:193)
	at org.apache.catalina.core.ApplicationFilterChain.doFilter(ApplicationFilterChain.java:166)
	at org.springframework.web.filter.OncePerRequestFilter.doFilter(OncePerRequestFilter.java:101)
	at org.apache.catalina.core.ApplicationFilterChain.internalDoFilter(ApplicationFilterChain.java:193)
	at org.apache.catalina.core.ApplicationFilterChain.doFilter(ApplicationFilterChain.java:166)
	at org.springframework.web.filter.OncePerRequestFilter.doFilter(OncePerRequestFilter.java:101)
	at org.apache.catalina.core.ApplicationFilterChain.internalDoFilter(ApplicationFilterChain.java:193)
	at org.apache.catalina.core.ApplicationFilterChain.doFilter(ApplicationFilterChain.java:166)
	at org.apache.catalina.core.ApplicationDispatcher.invoke(ApplicationDispatcher.java:728)
	at org.apache.catalina.core.ApplicationDispatcher.doInclude(ApplicationDispatcher.java:591)
	at org.apache.catalina.core.ApplicationDispatcher.include(ApplicationDispatcher.java:527)
	at org.apache.catalina.core.StandardHostValve.custom(StandardHostValve.java:389)
	at org.apache.catalina.core.StandardHostValve.status(StandardHostValve.java:254)
	at org.apache.catalina.core.StandardHostValve.throwable(StandardHostValve.java:349)
	at org.apache.catalina.core.StandardHostValve.invoke(StandardHostValve.java:175)
	at org.apache.catalina.valves.ErrorReportValve.invoke(ErrorReportValve.java:81)
	at org.apache.catalina.core.StandardEngineValve.invoke(StandardEngineValve.java:87)
	at org.apache.catalina.connector.CoyoteAdapter.service(CoyoteAdapter.java:342)
	at org.apache.coyote.http11.Http11Processor.service(Http11Processor.java:803)
	at org.apache.coyote.AbstractProcessorLight.process(AbstractProcessorLight.java:66)
	at org.apache.coyote.AbstractProtocol$ConnectionHandler.process(AbstractProtocol.java:790)
	at org.apache.tomcat.util.net.NioEndpoint$SocketProcessor.doRun(NioEndpoint.java:1468)
	at org.apache.tomcat.util.net.SocketProcessorBase.run(SocketProcessorBase.java:49)
	at java.util.concurrent.ThreadPoolExecutor.runWorker(Unknown Source)
	at java.util.concurrent.ThreadPoolExecutor$Worker.run(Unknown Source)
	at org.apache.tomcat.util.threads.TaskThread$WrappingRunnable.run(TaskThread.java:61)
	at java.lang.Thread.run(Unknown Source)
2021-03-07 21:52:29.892 [ERROR] [http-nio-8001-exec-5] o.a.c.core.ContainerBase.[Tomcat].[localhost] - Exception Processing ErrorPage[errorCode=0, location=/error]
org.springframework.web.util.NestedServletException: Request processing failed; nested exception is java.lang.IllegalStateException: getOutputStream() has already been called for this response
	at org.springframework.web.servlet.FrameworkServlet.processRequest(FrameworkServlet.java:982)
	at org.springframework.web.servlet.FrameworkServlet.doGet(FrameworkServlet.java:861)
	at javax.servlet.http.HttpServlet.service(HttpServlet.java:635)
	at org.springframework.web.servlet.FrameworkServlet.service(FrameworkServlet.java:846)
	at javax.servlet.http.HttpServlet.service(HttpServlet.java:742)
	at org.apache.catalina.core.ApplicationFilterChain.internalDoFilter(ApplicationFilterChain.java:231)
	at org.apache.catalina.core.ApplicationFilterChain.doFilter(ApplicationFilterChain.java:166)
	at com.alibaba.druid.support.http.WebStatFilter.doFilter(WebStatFilter.java:123)
	at org.apache.catalina.core.ApplicationFilterChain.internalDoFilter(ApplicationFilterChain.java:193)
	at org.apache.catalina.core.ApplicationFilterChain.doFilter(ApplicationFilterChain.java:166)
	at org.springframework.web.filter.RequestContextFilter.doFilterInternal(RequestContextFilter.java:99)
	at org.springframework.web.filter.OncePerRequestFilter.doFilter(OncePerRequestFilter.java:107)
	at org.apache.catalina.core.ApplicationFilterChain.internalDoFilter(ApplicationFilterChain.java:193)
	at org.apache.catalina.core.ApplicationFilterChain.doFilter(ApplicationFilterChain.java:166)
	at org.springframework.web.filter.OncePerRequestFilter.doFilter(OncePerRequestFilter.java:101)
	at org.apache.catalina.core.ApplicationFilterChain.internalDoFilter(ApplicationFilterChain.java:193)
	at org.apache.catalina.core.ApplicationFilterChain.doFilter(ApplicationFilterChain.java:166)
	at org.springframework.web.filter.OncePerRequestFilter.doFilter(OncePerRequestFilter.java:101)
	at org.apache.catalina.core.ApplicationFilterChain.internalDoFilter(ApplicationFilterChain.java:193)
	at org.apache.catalina.core.ApplicationFilterChain.doFilter(ApplicationFilterChain.java:166)
	at org.springframework.web.filter.OncePerRequestFilter.doFilter(OncePerRequestFilter.java:101)
	at org.apache.catalina.core.ApplicationFilterChain.internalDoFilter(ApplicationFilterChain.java:193)
	at org.apache.catalina.core.ApplicationFilterChain.doFilter(ApplicationFilterChain.java:166)
	at org.apache.catalina.core.ApplicationDispatcher.invoke(ApplicationDispatcher.java:728)
	at org.apache.catalina.core.ApplicationDispatcher.doInclude(ApplicationDispatcher.java:591)
	at org.apache.catalina.core.ApplicationDispatcher.include(ApplicationDispatcher.java:527)
	at org.apache.catalina.core.StandardHostValve.custom(StandardHostValve.java:389)
	at org.apache.catalina.core.StandardHostValve.status(StandardHostValve.java:254)
	at org.apache.catalina.core.StandardHostValve.throwable(StandardHostValve.java:349)
	at org.apache.catalina.core.StandardHostValve.invoke(StandardHostValve.java:175)
	at org.apache.catalina.valves.ErrorReportValve.invoke(ErrorReportValve.java:81)
	at org.apache.catalina.core.StandardEngineValve.invoke(StandardEngineValve.java:87)
	at org.apache.catalina.connector.CoyoteAdapter.service(CoyoteAdapter.java:342)
	at org.apache.coyote.http11.Http11Processor.service(Http11Processor.java:803)
	at org.apache.coyote.AbstractProcessorLight.process(AbstractProcessorLight.java:66)
	at org.apache.coyote.AbstractProtocol$ConnectionHandler.process(AbstractProtocol.java:790)
	at org.apache.tomcat.util.net.NioEndpoint$SocketProcessor.doRun(NioEndpoint.java:1468)
	at org.apache.tomcat.util.net.SocketProcessorBase.run(SocketProcessorBase.java:49)
	at java.util.concurrent.ThreadPoolExecutor.runWorker(Unknown Source)
	at java.util.concurrent.ThreadPoolExecutor$Worker.run(Unknown Source)
	at org.apache.tomcat.util.threads.TaskThread$WrappingRunnable.run(TaskThread.java:61)
	at java.lang.Thread.run(Unknown Source)
Caused by: java.lang.IllegalStateException: getOutputStream() has already been called for this response
	at org.apache.catalina.connector.Response.getWriter(Response.java:624)
	at org.apache.catalina.connector.ResponseFacade.getWriter(ResponseFacade.java:211)
	at javax.servlet.ServletResponseWrapper.getWriter(ServletResponseWrapper.java:109)
	at javax.servlet.ServletResponseWrapper.getWriter(ServletResponseWrapper.java:109)
	at com.halcyon.file_manage.configurer.WebMvcConfigurer.responseResult(WebMvcConfigurer.java:191)
	at com.halcyon.file_manage.configurer.WebMvcConfigurer.access$1(WebMvcConfigurer.java:186)
	at com.halcyon.file_manage.configurer.WebMvcConfigurer$1.resolveException(WebMvcConfigurer.java:97)
	at org.springframework.web.servlet.handler.HandlerExceptionResolverComposite.resolveException(HandlerExceptionResolverComposite.java:76)
	at org.springframework.web.servlet.DispatcherServlet.processHandlerException(DispatcherServlet.java:1222)
	at org.springframework.web.servlet.DispatcherServlet.processDispatchResult(DispatcherServlet.java:1034)
	at org.springframework.web.servlet.DispatcherServlet.doDispatch(DispatcherServlet.java:984)
	at org.springframework.web.servlet.DispatcherServlet.doService(DispatcherServlet.java:901)
	at org.springframework.web.servlet.FrameworkServlet.processRequest(FrameworkServlet.java:970)
	... 41 common frames omitted
2021-03-07 21:53:34.857 [WARN ] [pool-2-thread-1] com.halcyon.file_manage.task.TimedTasks - taskJob-REFRSH DB.
2021-03-07 21:55:04.224 [ERROR] [http-nio-8001-exec-6] c.halcyon.file_manage.configurer.WebMvcConfigurer - 接口 [/api/material/listAbnormal] 出现异常，方法：com.halcyon.file_manage.web.MaterialController.listAbnormal，异常摘要：null
java.lang.NullPointerException: null
	at com.halcyon.file_manage.service.impl.MaterialServiceImpl.listAbnormalPosition(MaterialServiceImpl.java:83)
	at com.halcyon.file_manage.web.MaterialController.listAbnormal(MaterialController.java:62)
	at sun.reflect.NativeMethodAccessorImpl.invoke0(Native Method)
	at sun.reflect.NativeMethodAccessorImpl.invoke(Unknown Source)
	at sun.reflect.DelegatingMethodAccessorImpl.invoke(Unknown Source)
	at java.lang.reflect.Method.invoke(Unknown Source)
	at org.springframework.web.method.support.InvocableHandlerMethod.doInvoke(InvocableHandlerMethod.java:205)
	at org.springframework.web.method.support.InvocableHandlerMethod.invokeForRequest(InvocableHandlerMethod.java:133)
	at org.springframework.web.servlet.mvc.method.annotation.ServletInvocableHandlerMethod.invokeAndHandle(ServletInvocableHandlerMethod.java:97)
	at org.springframework.web.servlet.mvc.method.annotation.RequestMappingHandlerAdapter.invokeHandlerMethod(RequestMappingHandlerAdapter.java:827)
	at org.springframework.web.servlet.mvc.method.annotation.RequestMappingHandlerAdapter.handleInternal(RequestMappingHandlerAdapter.java:738)
	at org.springframework.web.servlet.mvc.method.AbstractHandlerMethodAdapter.handle(AbstractHandlerMethodAdapter.java:85)
	at org.springframework.web.servlet.DispatcherServlet.doDispatch(DispatcherServlet.java:967)
	at org.springframework.web.servlet.DispatcherServlet.doService(DispatcherServlet.java:901)
	at org.springframework.web.servlet.FrameworkServlet.processRequest(FrameworkServlet.java:970)
	at org.springframework.web.servlet.FrameworkServlet.doPost(FrameworkServlet.java:872)
	at javax.servlet.http.HttpServlet.service(HttpServlet.java:661)
	at org.springframework.web.servlet.FrameworkServlet.service(FrameworkServlet.java:846)
	at javax.servlet.http.HttpServlet.service(HttpServlet.java:742)
	at org.apache.catalina.core.ApplicationFilterChain.internalDoFilter(ApplicationFilterChain.java:231)
	at org.apache.catalina.core.ApplicationFilterChain.doFilter(ApplicationFilterChain.java:166)
	at org.apache.tomcat.websocket.server.WsFilter.doFilter(WsFilter.java:52)
	at org.apache.catalina.core.ApplicationFilterChain.internalDoFilter(ApplicationFilterChain.java:193)
	at org.apache.catalina.core.ApplicationFilterChain.doFilter(ApplicationFilterChain.java:166)
	at com.alibaba.druid.support.http.WebStatFilter.doFilter(WebStatFilter.java:123)
	at org.apache.catalina.core.ApplicationFilterChain.internalDoFilter(ApplicationFilterChain.java:193)
	at org.apache.catalina.core.ApplicationFilterChain.doFilter(ApplicationFilterChain.java:166)
	at org.springframework.web.filter.RequestContextFilter.doFilterInternal(RequestContextFilter.java:99)
	at org.springframework.web.filter.OncePerRequestFilter.doFilter(OncePerRequestFilter.java:107)
	at org.apache.catalina.core.ApplicationFilterChain.internalDoFilter(ApplicationFilterChain.java:193)
	at org.apache.catalina.core.ApplicationFilterChain.doFilter(ApplicationFilterChain.java:166)
	at org.springframework.web.filter.HttpPutFormContentFilter.doFilterInternal(HttpPutFormContentFilter.java:109)
	at org.springframework.web.filter.OncePerRequestFilter.doFilter(OncePerRequestFilter.java:107)
	at org.apache.catalina.core.ApplicationFilterChain.internalDoFilter(ApplicationFilterChain.java:193)
	at org.apache.catalina.core.ApplicationFilterChain.doFilter(ApplicationFilterChain.java:166)
	at org.springframework.web.filter.HiddenHttpMethodFilter.doFilterInternal(HiddenHttpMethodFilter.java:81)
	at org.springframework.web.filter.OncePerRequestFilter.doFilter(OncePerRequestFilter.java:107)
	at org.apache.catalina.core.ApplicationFilterChain.internalDoFilter(ApplicationFilterChain.java:193)
	at org.apache.catalina.core.ApplicationFilterChain.doFilter(ApplicationFilterChain.java:166)
	at org.springframework.web.filter.CharacterEncodingFilter.doFilterInternal(CharacterEncodingFilter.java:197)
	at org.springframework.web.filter.OncePerRequestFilter.doFilter(OncePerRequestFilter.java:107)
	at org.apache.catalina.core.ApplicationFilterChain.internalDoFilter(ApplicationFilterChain.java:193)
	at org.apache.catalina.core.ApplicationFilterChain.doFilter(ApplicationFilterChain.java:166)
	at org.apache.catalina.core.StandardWrapperValve.invoke(StandardWrapperValve.java:198)
	at org.apache.catalina.core.StandardContextValve.invoke(StandardContextValve.java:96)
	at org.apache.catalina.authenticator.AuthenticatorBase.invoke(AuthenticatorBase.java:496)
	at org.apache.catalina.core.StandardHostValve.invoke(StandardHostValve.java:140)
	at org.apache.catalina.valves.ErrorReportValve.invoke(ErrorReportValve.java:81)
	at org.apache.catalina.core.StandardEngineValve.invoke(StandardEngineValve.java:87)
	at org.apache.catalina.connector.CoyoteAdapter.service(CoyoteAdapter.java:342)
	at org.apache.coyote.http11.Http11Processor.service(Http11Processor.java:803)
	at org.apache.coyote.AbstractProcessorLight.process(AbstractProcessorLight.java:66)
	at org.apache.coyote.AbstractProtocol$ConnectionHandler.process(AbstractProtocol.java:790)
	at org.apache.tomcat.util.net.NioEndpoint$SocketProcessor.doRun(NioEndpoint.java:1468)
	at org.apache.tomcat.util.net.SocketProcessorBase.run(SocketProcessorBase.java:49)
	at java.util.concurrent.ThreadPoolExecutor.runWorker(Unknown Source)
	at java.util.concurrent.ThreadPoolExecutor$Worker.run(Unknown Source)
	at org.apache.tomcat.util.threads.TaskThread$WrappingRunnable.run(TaskThread.java:61)
	at java.lang.Thread.run(Unknown Source)
2021-03-07 21:55:34.860 [WARN ] [pool-2-thread-1] com.halcyon.file_manage.task.TimedTasks - taskJob-REFRSH DB.
2021-03-07 21:56:28.363 [INFO ] [main] com.halcyon.file_manage.Application - Starting Application on DEEP-2019PSSVHS with PID 13272 (D:\hr21_work\halycon-file-manger-api\target\classes started by Administrator in D:\hr21_work\halycon-file-manger-api)
2021-03-07 21:56:28.554 [INFO ] [main] com.halcyon.file_manage.Application - The following profiles are active: dev
2021-03-07 21:56:28.617 [INFO ] [main] o.s.b.c.e.AnnotationConfigEmbeddedWebApplicationContext - Refreshing org.springframework.boot.context.embedded.AnnotationConfigEmbeddedWebApplicationContext@a37aefe: startup date [Sun Mar 07 21:56:28 EST 2021]; root of context hierarchy
2021-03-07 21:56:29.723 [WARN ] [main] o.s.c.annotation.ConfigurationClassPostProcessor - Cannot enhance @Configuration bean definition 'mybatisConfigurer' since its singleton instance has been created too early. The typical cause is a non-static @Bean method with a BeanDefinitionRegistryPostProcessor return type: Consider declaring such methods as 'static'.
2021-03-07 21:56:29.941 [INFO ] [main] o.s.b.f.a.AutowiredAnnotationBeanPostProcessor - JSR-330 'javax.inject.Inject' annotation found and supported for autowiring
2021-03-07 21:56:30.079 [INFO ] [main] o.s.c.s.PostProcessorRegistrationDelegate$BeanPostProcessorChecker - Bean 'org.springframework.transaction.annotation.ProxyTransactionManagementConfiguration' of type [org.springframework.transaction.annotation.ProxyTransactionManagementConfiguration$$EnhancerBySpringCGLIB$$9b3da4e8] is not eligible for getting processed by all BeanPostProcessors (for example: not eligible for auto-proxying)
2021-03-07 21:56:30.724 [INFO ] [main] o.s.b.c.e.tomcat.TomcatEmbeddedServletContainer - Tomcat initialized with port(s): 8001 (http)
2021-03-07 21:56:30.758 [INFO ] [main] org.apache.catalina.core.StandardService - Starting service [Tomcat]
2021-03-07 21:56:30.759 [INFO ] [main] org.apache.catalina.core.StandardEngine - Starting Servlet Engine: Apache Tomcat/8.5.31
2021-03-07 21:56:30.910 [INFO ] [localhost-startStop-1] o.a.c.core.ContainerBase.[Tomcat].[localhost].[/] - Initializing Spring embedded WebApplicationContext
2021-03-07 21:56:30.911 [INFO ] [localhost-startStop-1] org.springframework.web.context.ContextLoader - Root WebApplicationContext: initialization completed in 2294 ms
2021-03-07 21:56:31.177 [INFO ] [localhost-startStop-1] o.s.boot.web.servlet.ServletRegistrationBean - Mapping servlet: 'dispatcherServlet' to [/]
2021-03-07 21:56:31.179 [INFO ] [localhost-startStop-1] o.s.boot.web.servlet.ServletRegistrationBean - Mapping servlet: 'statViewServlet' to [/druid/*]
2021-03-07 21:56:31.182 [INFO ] [localhost-startStop-1] o.s.boot.web.servlet.FilterRegistrationBean - Mapping filter: 'characterEncodingFilter' to: [/*]
2021-03-07 21:56:31.183 [INFO ] [localhost-startStop-1] o.s.boot.web.servlet.FilterRegistrationBean - Mapping filter: 'hiddenHttpMethodFilter' to: [/*]
2021-03-07 21:56:31.183 [INFO ] [localhost-startStop-1] o.s.boot.web.servlet.FilterRegistrationBean - Mapping filter: 'httpPutFormContentFilter' to: [/*]
2021-03-07 21:56:31.183 [INFO ] [localhost-startStop-1] o.s.boot.web.servlet.FilterRegistrationBean - Mapping filter: 'requestContextFilter' to: [/*]
2021-03-07 21:56:31.184 [INFO ] [localhost-startStop-1] o.s.boot.web.servlet.FilterRegistrationBean - Mapping filter: 'webStatFilter' to urls: [/*]
2021-03-07 21:56:31.264 [INFO ] [main] c.a.d.s.b.a.DruidDataSourceAutoConfigure - Init DruidDataSource
2021-03-07 21:56:31.824 [INFO ] [main] com.alibaba.druid.pool.DruidDataSource - {dataSource-1} inited
2021-03-07 21:56:32.469 [INFO ] [main] c.halcyon.file_manage.annotations.StartAllJobInit - spring boot started.
2021-03-07 21:56:33.102 [INFO ] [main] o.s.w.s.m.m.a.RequestMappingHandlerMapping - Mapped "{[/login],methods=[POST]}" onto public com.halcyon.file_manage.core.Result com.halcyon.file_manage.web.LoginController.login(javax.servlet.http.HttpServletRequest,java.lang.String,java.lang.String)
2021-03-07 21:56:33.103 [INFO ] [main] o.s.w.s.m.m.a.RequestMappingHandlerMapping - Mapped "{[/logout],methods=[POST]}" onto public com.halcyon.file_manage.core.Result com.halcyon.file_manage.web.LoginController.logout(javax.servlet.http.HttpServletRequest)
2021-03-07 21:56:33.104 [INFO ] [main] o.s.w.s.m.m.a.RequestMappingHandlerMapping - Mapped "{[/api/material/list],methods=[POST]}" onto public com.halcyon.file_manage.core.Result com.halcyon.file_manage.web.MaterialController.list(java.lang.Integer,java.lang.Integer,java.lang.String,java.lang.String)
2021-03-07 21:56:33.105 [INFO ] [main] o.s.w.s.m.m.a.RequestMappingHandlerMapping - Mapped "{[/api/material/listAbnormal],methods=[POST]}" onto public com.halcyon.file_manage.core.Result com.halcyon.file_manage.web.MaterialController.listAbnormal(java.lang.Integer,java.lang.Integer)
2021-03-07 21:56:33.105 [INFO ] [main] o.s.w.s.m.m.a.RequestMappingHandlerMapping - Mapped "{[/api/shelf/update],methods=[POST]}" onto public com.halcyon.file_manage.core.Result com.halcyon.file_manage.web.ShelfController.update(com.halcyon.file_manage.model.Shelf)
2021-03-07 21:56:33.106 [INFO ] [main] o.s.w.s.m.m.a.RequestMappingHandlerMapping - Mapped "{[/api/shelf/list],methods=[POST]}" onto public com.halcyon.file_manage.core.Result com.halcyon.file_manage.web.ShelfController.list(java.lang.Integer,java.lang.Integer,java.lang.String)
2021-03-07 21:56:33.106 [INFO ] [main] o.s.w.s.m.m.a.RequestMappingHandlerMapping - Mapped "{[/api/storage/list],methods=[POST]}" onto public com.halcyon.file_manage.core.Result com.halcyon.file_manage.web.StorageController.list(java.lang.String)
2021-03-07 21:56:33.107 [INFO ] [main] o.s.w.s.m.m.a.RequestMappingHandlerMapping - Mapped "{[/api/storagedetail/update],methods=[POST]}" onto public com.halcyon.file_manage.core.Result com.halcyon.file_manage.web.StoragedetailController.update(com.halcyon.file_manage.model.Storagedetail)
2021-03-07 21:56:33.107 [INFO ] [main] o.s.w.s.m.m.a.RequestMappingHandlerMapping - Mapped "{[/api/storagedetail/list],methods=[POST]}" onto public com.halcyon.file_manage.core.Result com.halcyon.file_manage.web.StoragedetailController.list(java.lang.Integer,java.lang.Integer,java.lang.String)
2021-03-07 21:56:33.108 [INFO ] [main] o.s.w.s.m.m.a.RequestMappingHandlerMapping - Mapped "{[/v2/api-docs],methods=[GET],produces=[application/json || application/hal+json]}" onto public org.springframework.http.ResponseEntity<springfox.documentation.spring.web.json.Json> springfox.documentation.swagger2.web.Swagger2Controller.getDocumentation(java.lang.String,javax.servlet.http.HttpServletRequest)
2021-03-07 21:56:33.111 [INFO ] [main] o.s.w.s.m.m.a.RequestMappingHandlerMapping - Mapped "{[/swagger-resources]}" onto org.springframework.http.ResponseEntity<java.util.List<springfox.documentation.swagger.web.SwaggerResource>> springfox.documentation.swagger.web.ApiResourceController.swaggerResources()
2021-03-07 21:56:33.113 [INFO ] [main] o.s.w.s.m.m.a.RequestMappingHandlerMapping - Mapped "{[/swagger-resources/configuration/ui]}" onto org.springframework.http.ResponseEntity<springfox.documentation.swagger.web.UiConfiguration> springfox.documentation.swagger.web.ApiResourceController.uiConfiguration()
2021-03-07 21:56:33.114 [INFO ] [main] o.s.w.s.m.m.a.RequestMappingHandlerMapping - Mapped "{[/swagger-resources/configuration/security]}" onto org.springframework.http.ResponseEntity<springfox.documentation.swagger.web.SecurityConfiguration> springfox.documentation.swagger.web.ApiResourceController.securityConfiguration()
2021-03-07 21:56:33.118 [INFO ] [main] o.s.w.s.m.m.a.RequestMappingHandlerMapping - Mapped "{[/error]}" onto public org.springframework.http.ResponseEntity<java.util.Map<java.lang.String, java.lang.Object>> org.springframework.boot.autoconfigure.web.BasicErrorController.error(javax.servlet.http.HttpServletRequest)
2021-03-07 21:56:33.118 [INFO ] [main] o.s.w.s.m.m.a.RequestMappingHandlerMapping - Mapped "{[/error],produces=[text/html]}" onto public org.springframework.web.servlet.ModelAndView org.springframework.boot.autoconfigure.web.BasicErrorController.errorHtml(javax.servlet.http.HttpServletRequest,javax.servlet.http.HttpServletResponse)
2021-03-07 21:56:33.562 [INFO ] [main] o.s.w.s.m.m.a.RequestMappingHandlerAdapter - Looking for @ControllerAdvice: org.springframework.boot.context.embedded.AnnotationConfigEmbeddedWebApplicationContext@a37aefe: startup date [Sun Mar 07 21:56:28 EST 2021]; root of context hierarchy
2021-03-07 21:56:33.634 [INFO ] [main] o.s.web.servlet.handler.SimpleUrlHandlerMapping - Mapped URL path [/swagger-ui.html] onto handler of type [class org.springframework.web.servlet.resource.ResourceHttpRequestHandler]
2021-03-07 21:56:33.634 [INFO ] [main] o.s.web.servlet.handler.SimpleUrlHandlerMapping - Mapped URL path [/webjars/**] onto handler of type [class org.springframework.web.servlet.resource.ResourceHttpRequestHandler]
2021-03-07 21:56:33.634 [INFO ] [main] o.s.web.servlet.handler.SimpleUrlHandlerMapping - Mapped URL path [/**] onto handler of type [class org.springframework.web.servlet.resource.ResourceHttpRequestHandler]
2021-03-07 21:56:33.675 [INFO ] [main] o.s.web.servlet.handler.SimpleUrlHandlerMapping - Mapped URL path [/**/favicon.ico] onto handler of type [class org.springframework.web.servlet.resource.ResourceHttpRequestHandler]
2021-03-07 21:56:33.707 [INFO ] [main] o.s.b.a.w.WebMvcAutoConfiguration$WelcomePageHandlerMapping - Adding welcome page: class path resource [static/index.html]
2021-03-07 21:56:34.144 [INFO ] [main] o.s.jmx.export.annotation.AnnotationMBeanExporter - Registering beans for JMX exposure on startup
2021-03-07 21:56:34.146 [INFO ] [main] o.s.jmx.export.annotation.AnnotationMBeanExporter - Bean with name 'statFilter' has been autodetected for JMX exposure
2021-03-07 21:56:34.146 [INFO ] [main] o.s.jmx.export.annotation.AnnotationMBeanExporter - Bean with name 'dataSource' has been autodetected for JMX exposure
2021-03-07 21:56:34.152 [INFO ] [main] o.s.jmx.export.annotation.AnnotationMBeanExporter - Located MBean 'dataSource': registering with JMX server as MBean [com.alibaba.druid.spring.boot.autoconfigure:name=dataSource,type=DruidDataSourceWrapper]
2021-03-07 21:56:34.154 [INFO ] [main] o.s.jmx.export.annotation.AnnotationMBeanExporter - Located MBean 'statFilter': registering with JMX server as MBean [com.alibaba.druid.filter.stat:name=statFilter,type=StatFilter]
2021-03-07 21:56:34.157 [INFO ] [main] o.s.context.support.DefaultLifecycleProcessor - Starting beans in phase 2147483647
2021-03-07 21:56:34.158 [INFO ] [main] s.d.s.web.plugins.DocumentationPluginsBootstrapper - Context refreshed
2021-03-07 21:56:34.185 [INFO ] [main] s.d.s.web.plugins.DocumentationPluginsBootstrapper - Found 1 custom documentation plugin(s)
2021-03-07 21:56:34.201 [INFO ] [main] s.d.spring.web.scanners.ApiListingReferenceScanner - Scanning for api listing references
2021-03-07 21:56:34.518 [INFO ] [main] s.d.s.w.r.operation.CachingOperationNameGenerator - Generating unique operation named: listUsingPOST_1
2021-03-07 21:56:34.531 [INFO ] [main] s.d.s.w.r.operation.CachingOperationNameGenerator - Generating unique operation named: listUsingPOST_2
2021-03-07 21:56:34.536 [INFO ] [main] s.d.s.w.r.operation.CachingOperationNameGenerator - Generating unique operation named: listUsingPOST_3
2021-03-07 21:56:34.539 [INFO ] [main] s.d.s.w.r.operation.CachingOperationNameGenerator - Generating unique operation named: updateUsingPOST_1
2021-03-07 21:56:34.561 [INFO ] [main] o.s.s.a.ScheduledAnnotationBeanPostProcessor - No TaskScheduler/ScheduledExecutorService bean found for scheduled processing
2021-03-07 21:56:34.583 [WARN ] [pool-1-thread-1] com.halcyon.file_manage.task.TimedTasks - taskJob-REFRSH DB.
2021-03-07 21:56:34.618 [INFO ] [main] o.s.b.c.e.tomcat.TomcatEmbeddedServletContainer - Tomcat started on port(s): 8001 (http)
2021-03-07 21:56:34.628 [INFO ] [main] com.halcyon.file_manage.Application - Started Application in 6.818 seconds (JVM running for 7.522)
2021-03-07 21:56:43.759 [INFO ] [http-nio-8001-exec-3] o.a.c.core.ContainerBase.[Tomcat].[localhost].[/] - Initializing Spring FrameworkServlet 'dispatcherServlet'
2021-03-07 21:56:43.759 [INFO ] [http-nio-8001-exec-3] org.springframework.web.servlet.DispatcherServlet - FrameworkServlet 'dispatcherServlet': initialization started
2021-03-07 21:56:43.786 [INFO ] [http-nio-8001-exec-3] org.springframework.web.servlet.DispatcherServlet - FrameworkServlet 'dispatcherServlet': initialization completed in 26 ms
2021-03-07 21:58:34.571 [WARN ] [pool-1-thread-1] com.halcyon.file_manage.task.TimedTasks - taskJob-REFRSH DB.
